2024-07-16 09:41:58 - HV000001: Hibernate Validator 8.0.1.Final
2024-07-16 09:41:59 - Starting ReportingServiceApplication using Java 18.0.2.1 with PID 13888 (C:\Users\a.esposito\Desktop\Esercizi Intelij\reporting-service - Copia\target\classes started by a.esposito in C:\Users\a.esposito\Desktop\Esercizi Intelij\reporting-service - Copia)
2024-07-16 09:41:59 - No active profile set, falling back to 1 default profile: "default"
2024-07-16 09:42:01 - Multiple Spring Data modules found, entering strict repository configuration mode
2024-07-16 09:42:01 - Bootstrapping Spring Data MongoDB repositories in DEFAULT mode.
2024-07-16 09:42:01 - Finished Spring Data repository scanning in 140 ms. Found 1 MongoDB repository interface.
2024-07-16 09:42:03 - Tomcat initialized with port 8080 (http)
2024-07-16 09:42:03 - Initializing ProtocolHandler ["http-nio-8080"]
2024-07-16 09:42:03 - Starting service [Tomcat]
2024-07-16 09:42:03 - Starting Servlet engine: [Apache Tomcat/10.1.25]
2024-07-16 09:42:03 - Initializing Spring embedded WebApplicationContext
2024-07-16 09:42:03 - Root WebApplicationContext: initialization completed in 3933 ms
2024-07-16 09:42:03 - MongoClient with metadata {"driver": {"name": "mongo-java-driver|sync|spring-boot", "version": "5.0.1"}, "os": {"type": "Windows", "name": "Windows 10", "architecture": "amd64", "version": "10.0"}, "platform": "Java/Oracle Corporation/18.0.2.1+1-1"} created with settings MongoClientSettings{readPreference=primary, writeConcern=WriteConcern{w=null, wTimeout=null ms, journal=null}, retryWrites=true, retryReads=true, readConcern=ReadConcern{level=null}, credential=null, transportSettings=null, commandListeners=[], codecRegistry=ProvidersCodecRegistry{codecProviders=[ValueCodecProvider{}, BsonValueCodecProvider{}, DBRefCodecProvider{}, DBObjectCodecProvider{}, DocumentCodecProvider{}, CollectionCodecProvider{}, IterableCodecProvider{}, MapCodecProvider{}, GeoJsonCodecProvider{}, GridFSFileCodecProvider{}, Jsr310CodecProvider{}, JsonObjectCodecProvider{}, BsonCodecProvider{}, EnumCodecProvider{}, com.mongodb.client.model.mql.ExpressionCodecProvider@d7bbf12, com.mongodb.Jep395RecordCodecProvider@1450131a, com.mongodb.KotlinCodecProvider@5f7eee96]}, loggerSettings=LoggerSettings{maxDocumentLength=1000}, clusterSettings={hosts=[localhost:27017], srvServiceName=mongodb, mode=SINGLE, requiredClusterType=UNKNOWN, requiredReplicaSetName='null', serverSelector='null', clusterListeners='[]', serverSelectionTimeout='30000 ms', localThreshold='15 ms'}, socketSettings=SocketSettings{connectTimeoutMS=10000, readTimeoutMS=0, receiveBufferSize=0, proxySettings=ProxySettings{host=null, port=null, username=null, password=null}}, heartbeatSocketSettings=SocketSettings{connectTimeoutMS=10000, readTimeoutMS=10000, receiveBufferSize=0, proxySettings=ProxySettings{host=null, port=null, username=null, password=null}}, connectionPoolSettings=ConnectionPoolSettings{maxSize=100, minSize=0, maxWaitTimeMS=120000, maxConnectionLifeTimeMS=0, maxConnectionIdleTimeMS=0, maintenanceInitialDelayMS=0, maintenanceFrequencyMS=60000, connectionPoolListeners=[], maxConnecting=2}, serverSettings=ServerSettings{heartbeatFrequencyMS=10000, minHeartbeatFrequencyMS=500, serverListeners='[]', serverMonitorListeners='[]'}, sslSettings=SslSettings{enabled=false, invalidHostNameAllowed=false, context=null}, applicationName='null', compressorList=[], uuidRepresentation=JAVA_LEGACY, serverApi=null, autoEncryptionSettings=null, dnsClient=null, inetAddressResolver=null, contextProvider=null}
2024-07-16 09:42:03 - Monitor thread successfully connected to server with description ServerDescription{address=localhost:27017, type=STANDALONE, state=CONNECTED, ok=true, minWireVersion=0, maxWireVersion=21, maxDocumentSize=16777216, logicalSessionTimeoutMinutes=30, roundTripTimeNanos=46930500}
2024-07-16 09:42:05 - You are asking Spring Security to ignore Deferred [Mvc [pattern='/auth/authenticate'], Ant [pattern='/auth/authenticate']]. This is not recommended -- please use permitAll via HttpSecurity#authorizeHttpRequests instead.
2024-07-16 09:42:05 - Starting ProtocolHandler ["http-nio-8080"]
2024-07-16 09:42:05 - Tomcat started on port 8080 (http) with context path '/'
2024-07-16 09:42:05 - Started ReportingServiceApplication in 8.706 seconds (process running for 9.87)
2024-07-16 11:04:24 - Initializing Spring DispatcherServlet 'dispatcherServlet'
2024-07-16 11:04:24 - Initializing Servlet 'dispatcherServlet'
2024-07-16 11:04:24 - Completed initialization in 1 ms
2024-07-16 11:06:56 - HV000001: Hibernate Validator 8.0.1.Final
2024-07-16 11:06:57 - Starting ReportingServiceApplication using Java 18.0.2.1 with PID 8956 (C:\Users\a.esposito\Desktop\Esercizi Intelij\reporting-service - Copia\target\classes started by a.esposito in C:\Users\a.esposito\Desktop\Esercizi Intelij\reporting-service - Copia)
2024-07-16 11:06:57 - No active profile set, falling back to 1 default profile: "default"
2024-07-16 11:06:59 - Multiple Spring Data modules found, entering strict repository configuration mode
2024-07-16 11:06:59 - Bootstrapping Spring Data MongoDB repositories in DEFAULT mode.
2024-07-16 11:06:59 - Finished Spring Data repository scanning in 154 ms. Found 1 MongoDB repository interface.
2024-07-16 11:07:00 - Tomcat initialized with port 8080 (http)
2024-07-16 11:07:00 - Initializing ProtocolHandler ["http-nio-8080"]
2024-07-16 11:07:00 - Starting service [Tomcat]
2024-07-16 11:07:00 - Starting Servlet engine: [Apache Tomcat/10.1.25]
2024-07-16 11:07:00 - Initializing Spring embedded WebApplicationContext
2024-07-16 11:07:00 - Root WebApplicationContext: initialization completed in 3473 ms
2024-07-16 11:07:01 - MongoClient with metadata {"driver": {"name": "mongo-java-driver|sync|spring-boot", "version": "5.0.1"}, "os": {"type": "Windows", "name": "Windows 10", "architecture": "amd64", "version": "10.0"}, "platform": "Java/Oracle Corporation/18.0.2.1+1-1"} created with settings MongoClientSettings{readPreference=primary, writeConcern=WriteConcern{w=null, wTimeout=null ms, journal=null}, retryWrites=true, retryReads=true, readConcern=ReadConcern{level=null}, credential=null, transportSettings=null, commandListeners=[], codecRegistry=ProvidersCodecRegistry{codecProviders=[ValueCodecProvider{}, BsonValueCodecProvider{}, DBRefCodecProvider{}, DBObjectCodecProvider{}, DocumentCodecProvider{}, CollectionCodecProvider{}, IterableCodecProvider{}, MapCodecProvider{}, GeoJsonCodecProvider{}, GridFSFileCodecProvider{}, Jsr310CodecProvider{}, JsonObjectCodecProvider{}, BsonCodecProvider{}, EnumCodecProvider{}, com.mongodb.client.model.mql.ExpressionCodecProvider@d7bbf12, com.mongodb.Jep395RecordCodecProvider@1450131a, com.mongodb.KotlinCodecProvider@5f7eee96]}, loggerSettings=LoggerSettings{maxDocumentLength=1000}, clusterSettings={hosts=[localhost:27017], srvServiceName=mongodb, mode=SINGLE, requiredClusterType=UNKNOWN, requiredReplicaSetName='null', serverSelector='null', clusterListeners='[]', serverSelectionTimeout='30000 ms', localThreshold='15 ms'}, socketSettings=SocketSettings{connectTimeoutMS=10000, readTimeoutMS=0, receiveBufferSize=0, proxySettings=ProxySettings{host=null, port=null, username=null, password=null}}, heartbeatSocketSettings=SocketSettings{connectTimeoutMS=10000, readTimeoutMS=10000, receiveBufferSize=0, proxySettings=ProxySettings{host=null, port=null, username=null, password=null}}, connectionPoolSettings=ConnectionPoolSettings{maxSize=100, minSize=0, maxWaitTimeMS=120000, maxConnectionLifeTimeMS=0, maxConnectionIdleTimeMS=0, maintenanceInitialDelayMS=0, maintenanceFrequencyMS=60000, connectionPoolListeners=[], maxConnecting=2}, serverSettings=ServerSettings{heartbeatFrequencyMS=10000, minHeartbeatFrequencyMS=500, serverListeners='[]', serverMonitorListeners='[]'}, sslSettings=SslSettings{enabled=false, invalidHostNameAllowed=false, context=null}, applicationName='null', compressorList=[], uuidRepresentation=JAVA_LEGACY, serverApi=null, autoEncryptionSettings=null, dnsClient=null, inetAddressResolver=null, contextProvider=null}
2024-07-16 11:07:01 - Monitor thread successfully connected to server with description ServerDescription{address=localhost:27017, type=STANDALONE, state=CONNECTED, ok=true, minWireVersion=0, maxWireVersion=21, maxDocumentSize=16777216, logicalSessionTimeoutMinutes=30, roundTripTimeNanos=49379400}
2024-07-16 11:07:03 - You are asking Spring Security to ignore Deferred [Mvc [pattern='/auth/authenticate'], Ant [pattern='/auth/authenticate']]. This is not recommended -- please use permitAll via HttpSecurity#authorizeHttpRequests instead.
2024-07-16 11:07:03 - Starting ProtocolHandler ["http-nio-8080"]
2024-07-16 11:07:03 - Tomcat started on port 8080 (http) with context path '/'
2024-07-16 11:07:03 - Started ReportingServiceApplication in 8.343 seconds (process running for 9.264)
2024-07-16 11:07:32 - Initializing Spring DispatcherServlet 'dispatcherServlet'
2024-07-16 11:07:32 - Initializing Servlet 'dispatcherServlet'
2024-07-16 11:07:32 - Completed initialization in 2 ms
2024-07-16 11:11:41 - HV000001: Hibernate Validator 8.0.1.Final
2024-07-16 11:11:41 - Starting ReportingServiceApplication using Java 18.0.2.1 with PID 9348 (C:\Users\a.esposito\Desktop\Esercizi Intelij\reporting-service - Copia\target\classes started by a.esposito in C:\Users\a.esposito\Desktop\Esercizi Intelij\reporting-service - Copia)
2024-07-16 11:11:41 - No active profile set, falling back to 1 default profile: "default"
2024-07-16 11:11:43 - Multiple Spring Data modules found, entering strict repository configuration mode
2024-07-16 11:11:43 - Bootstrapping Spring Data MongoDB repositories in DEFAULT mode.
2024-07-16 11:11:43 - Finished Spring Data repository scanning in 142 ms. Found 1 MongoDB repository interface.
2024-07-16 11:11:45 - Tomcat initialized with port 8080 (http)
2024-07-16 11:11:45 - Initializing ProtocolHandler ["http-nio-8080"]
2024-07-16 11:11:45 - Starting service [Tomcat]
2024-07-16 11:11:45 - Starting Servlet engine: [Apache Tomcat/10.1.25]
2024-07-16 11:11:45 - Initializing Spring embedded WebApplicationContext
2024-07-16 11:11:45 - Root WebApplicationContext: initialization completed in 3590 ms
2024-07-16 11:11:45 - MongoClient with metadata {"driver": {"name": "mongo-java-driver|sync|spring-boot", "version": "5.0.1"}, "os": {"type": "Windows", "name": "Windows 10", "architecture": "amd64", "version": "10.0"}, "platform": "Java/Oracle Corporation/18.0.2.1+1-1"} created with settings MongoClientSettings{readPreference=primary, writeConcern=WriteConcern{w=null, wTimeout=null ms, journal=null}, retryWrites=true, retryReads=true, readConcern=ReadConcern{level=null}, credential=null, transportSettings=null, commandListeners=[], codecRegistry=ProvidersCodecRegistry{codecProviders=[ValueCodecProvider{}, BsonValueCodecProvider{}, DBRefCodecProvider{}, DBObjectCodecProvider{}, DocumentCodecProvider{}, CollectionCodecProvider{}, IterableCodecProvider{}, MapCodecProvider{}, GeoJsonCodecProvider{}, GridFSFileCodecProvider{}, Jsr310CodecProvider{}, JsonObjectCodecProvider{}, BsonCodecProvider{}, EnumCodecProvider{}, com.mongodb.client.model.mql.ExpressionCodecProvider@1450131a, com.mongodb.Jep395RecordCodecProvider@5f7eee96, com.mongodb.KotlinCodecProvider@3a36cd5]}, loggerSettings=LoggerSettings{maxDocumentLength=1000}, clusterSettings={hosts=[localhost:27017], srvServiceName=mongodb, mode=SINGLE, requiredClusterType=UNKNOWN, requiredReplicaSetName='null', serverSelector='null', clusterListeners='[]', serverSelectionTimeout='30000 ms', localThreshold='15 ms'}, socketSettings=SocketSettings{connectTimeoutMS=10000, readTimeoutMS=0, receiveBufferSize=0, proxySettings=ProxySettings{host=null, port=null, username=null, password=null}}, heartbeatSocketSettings=SocketSettings{connectTimeoutMS=10000, readTimeoutMS=10000, receiveBufferSize=0, proxySettings=ProxySettings{host=null, port=null, username=null, password=null}}, connectionPoolSettings=ConnectionPoolSettings{maxSize=100, minSize=0, maxWaitTimeMS=120000, maxConnectionLifeTimeMS=0, maxConnectionIdleTimeMS=0, maintenanceInitialDelayMS=0, maintenanceFrequencyMS=60000, connectionPoolListeners=[], maxConnecting=2}, serverSettings=ServerSettings{heartbeatFrequencyMS=10000, minHeartbeatFrequencyMS=500, serverListeners='[]', serverMonitorListeners='[]'}, sslSettings=SslSettings{enabled=false, invalidHostNameAllowed=false, context=null}, applicationName='null', compressorList=[], uuidRepresentation=JAVA_LEGACY, serverApi=null, autoEncryptionSettings=null, dnsClient=null, inetAddressResolver=null, contextProvider=null}
2024-07-16 11:11:45 - Monitor thread successfully connected to server with description ServerDescription{address=localhost:27017, type=STANDALONE, state=CONNECTED, ok=true, minWireVersion=0, maxWireVersion=21, maxDocumentSize=16777216, logicalSessionTimeoutMinutes=30, roundTripTimeNanos=58809900}
2024-07-16 11:11:47 - You are asking Spring Security to ignore Deferred [Mvc [pattern='/auth/authenticate'], Ant [pattern='/auth/authenticate']]. This is not recommended -- please use permitAll via HttpSecurity#authorizeHttpRequests instead.
2024-07-16 11:11:47 - Starting ProtocolHandler ["http-nio-8080"]
2024-07-16 11:11:47 - Tomcat started on port 8080 (http) with context path '/'
2024-07-16 11:11:47 - Started ReportingServiceApplication in 7.638 seconds (process running for 8.486)
2024-07-16 11:12:12 - Initializing Spring DispatcherServlet 'dispatcherServlet'
2024-07-16 11:12:12 - Initializing Servlet 'dispatcherServlet'
2024-07-16 11:12:12 - Completed initialization in 2 ms
2024-07-16 11:25:09 - HV000001: Hibernate Validator 8.0.1.Final
2024-07-16 11:25:09 - Starting ReportingServiceApplication using Java 18.0.2.1 with PID 7172 (C:\Users\a.esposito\Desktop\Esercizi Intelij\reporting-service - Copia\target\classes started by a.esposito in C:\Users\a.esposito\Desktop\Esercizi Intelij\reporting-service - Copia)
2024-07-16 11:25:09 - No active profile set, falling back to 1 default profile: "default"
2024-07-16 11:25:12 - Multiple Spring Data modules found, entering strict repository configuration mode
2024-07-16 11:25:12 - Bootstrapping Spring Data MongoDB repositories in DEFAULT mode.
2024-07-16 11:25:12 - Finished Spring Data repository scanning in 136 ms. Found 1 MongoDB repository interface.
2024-07-16 11:25:13 - Tomcat initialized with port 8080 (http)
2024-07-16 11:25:13 - Initializing ProtocolHandler ["http-nio-8080"]
2024-07-16 11:25:13 - Starting service [Tomcat]
2024-07-16 11:25:13 - Starting Servlet engine: [Apache Tomcat/10.1.25]
2024-07-16 11:25:13 - Initializing Spring embedded WebApplicationContext
2024-07-16 11:25:13 - Root WebApplicationContext: initialization completed in 3671 ms
2024-07-16 11:25:14 - MongoClient with metadata {"driver": {"name": "mongo-java-driver|sync|spring-boot", "version": "5.0.1"}, "os": {"type": "Windows", "name": "Windows 10", "architecture": "amd64", "version": "10.0"}, "platform": "Java/Oracle Corporation/18.0.2.1+1-1"} created with settings MongoClientSettings{readPreference=primary, writeConcern=WriteConcern{w=null, wTimeout=null ms, journal=null}, retryWrites=true, retryReads=true, readConcern=ReadConcern{level=null}, credential=null, transportSettings=null, commandListeners=[], codecRegistry=ProvidersCodecRegistry{codecProviders=[ValueCodecProvider{}, BsonValueCodecProvider{}, DBRefCodecProvider{}, DBObjectCodecProvider{}, DocumentCodecProvider{}, CollectionCodecProvider{}, IterableCodecProvider{}, MapCodecProvider{}, GeoJsonCodecProvider{}, GridFSFileCodecProvider{}, Jsr310CodecProvider{}, JsonObjectCodecProvider{}, BsonCodecProvider{}, EnumCodecProvider{}, com.mongodb.client.model.mql.ExpressionCodecProvider@65629ac6, com.mongodb.Jep395RecordCodecProvider@56b8aaf1, com.mongodb.KotlinCodecProvider@5482bcac]}, loggerSettings=LoggerSettings{maxDocumentLength=1000}, clusterSettings={hosts=[localhost:27017], srvServiceName=mongodb, mode=SINGLE, requiredClusterType=UNKNOWN, requiredReplicaSetName='null', serverSelector='null', clusterListeners='[]', serverSelectionTimeout='30000 ms', localThreshold='15 ms'}, socketSettings=SocketSettings{connectTimeoutMS=10000, readTimeoutMS=0, receiveBufferSize=0, proxySettings=ProxySettings{host=null, port=null, username=null, password=null}}, heartbeatSocketSettings=SocketSettings{connectTimeoutMS=10000, readTimeoutMS=10000, receiveBufferSize=0, proxySettings=ProxySettings{host=null, port=null, username=null, password=null}}, connectionPoolSettings=ConnectionPoolSettings{maxSize=100, minSize=0, maxWaitTimeMS=120000, maxConnectionLifeTimeMS=0, maxConnectionIdleTimeMS=0, maintenanceInitialDelayMS=0, maintenanceFrequencyMS=60000, connectionPoolListeners=[], maxConnecting=2}, serverSettings=ServerSettings{heartbeatFrequencyMS=10000, minHeartbeatFrequencyMS=500, serverListeners='[]', serverMonitorListeners='[]'}, sslSettings=SslSettings{enabled=false, invalidHostNameAllowed=false, context=null}, applicationName='null', compressorList=[], uuidRepresentation=JAVA_LEGACY, serverApi=null, autoEncryptionSettings=null, dnsClient=null, inetAddressResolver=null, contextProvider=null}
2024-07-16 11:25:14 - Monitor thread successfully connected to server with description ServerDescription{address=localhost:27017, type=STANDALONE, state=CONNECTED, ok=true, minWireVersion=0, maxWireVersion=21, maxDocumentSize=16777216, logicalSessionTimeoutMinutes=30, roundTripTimeNanos=38940300}
2024-07-16 11:25:15 - You are asking Spring Security to ignore Deferred [Mvc [pattern='/auth/authenticate'], Ant [pattern='/auth/authenticate']]. This is not recommended -- please use permitAll via HttpSecurity#authorizeHttpRequests instead.
2024-07-16 11:25:16 - Starting ProtocolHandler ["http-nio-8080"]
2024-07-16 11:25:16 - Tomcat started on port 8080 (http) with context path '/'
2024-07-16 11:25:16 - Started ReportingServiceApplication in 8.112 seconds (process running for 9.225)
2024-07-16 11:25:21 - Initializing Spring DispatcherServlet 'dispatcherServlet'
2024-07-16 11:25:21 - Initializing Servlet 'dispatcherServlet'
2024-07-16 11:25:22 - Completed initialization in 1 ms
2024-07-16 11:33:17 - HV000001: Hibernate Validator 8.0.1.Final
2024-07-16 11:33:17 - Starting ReportingServiceApplication using Java 18.0.2.1 with PID 9440 (C:\Users\a.esposito\Desktop\Esercizi Intelij\reporting-service - Copia\target\classes started by a.esposito in C:\Users\a.esposito\Desktop\Esercizi Intelij\reporting-service - Copia)
2024-07-16 11:33:17 - No active profile set, falling back to 1 default profile: "default"
2024-07-16 11:33:19 - Exception encountered during context initialization - cancelling refresh attempt: org.springframework.beans.factory.support.BeanDefinitionOverrideException: Invalid bean definition with name 'restTemplate' defined in com.example.reportingservice.ReportingServiceApplication: Cannot register bean definition [Root bean: class [null]; scope=; abstract=false; lazyInit=null; autowireMode=3; dependencyCheck=0; autowireCandidate=true; primary=false; factoryBeanName=reportingServiceApplication; factoryMethodName=restTemplate; initMethodNames=null; destroyMethodNames=[(inferred)]; defined in com.example.reportingservice.ReportingServiceApplication] for bean 'restTemplate' since there is already [Root bean: class [null]; scope=; abstract=false; lazyInit=null; autowireMode=3; dependencyCheck=0; autowireCandidate=true; primary=false; factoryBeanName=restTemplateConfig; factoryMethodName=restTemplate; initMethodNames=null; destroyMethodNames=[(inferred)]; defined in class path resource [com/example/reportingservice/config/RestTemplateConfig.class]] bound.
2024-07-16 11:33:19 - 

Error starting ApplicationContext. To display the condition evaluation report re-run your application with 'debug' enabled.
2024-07-16 11:33:19 - 

***************************
APPLICATION FAILED TO START
***************************

Description:

The bean 'restTemplate', defined in com.example.reportingservice.ReportingServiceApplication, could not be registered. A bean with that name has already been defined in class path resource [com/example/reportingservice/config/RestTemplateConfig.class] and overriding is disabled.

Action:

Consider renaming one of the beans or enabling overriding by setting spring.main.allow-bean-definition-overriding=true

2024-07-16 11:34:13 - HV000001: Hibernate Validator 8.0.1.Final
2024-07-16 11:34:13 - Starting ReportingServiceApplication using Java 18.0.2.1 with PID 5932 (C:\Users\a.esposito\Desktop\Esercizi Intelij\reporting-service - Copia\target\classes started by a.esposito in C:\Users\a.esposito\Desktop\Esercizi Intelij\reporting-service - Copia)
2024-07-16 11:34:13 - No active profile set, falling back to 1 default profile: "default"
2024-07-16 11:34:17 - Multiple Spring Data modules found, entering strict repository configuration mode
2024-07-16 11:34:17 - Bootstrapping Spring Data MongoDB repositories in DEFAULT mode.
2024-07-16 11:34:17 - Finished Spring Data repository scanning in 113 ms. Found 1 MongoDB repository interface.
2024-07-16 11:34:18 - Tomcat initialized with port 8080 (http)
2024-07-16 11:34:18 - Initializing ProtocolHandler ["http-nio-8080"]
2024-07-16 11:34:18 - Starting service [Tomcat]
2024-07-16 11:34:18 - Starting Servlet engine: [Apache Tomcat/10.1.25]
2024-07-16 11:34:18 - Initializing Spring embedded WebApplicationContext
2024-07-16 11:34:18 - Root WebApplicationContext: initialization completed in 5222 ms
2024-07-16 11:34:19 - MongoClient with metadata {"driver": {"name": "mongo-java-driver|sync|spring-boot", "version": "5.0.1"}, "os": {"type": "Windows", "name": "Windows 10", "architecture": "amd64", "version": "10.0"}, "platform": "Java/Oracle Corporation/18.0.2.1+1-1"} created with settings MongoClientSettings{readPreference=primary, writeConcern=WriteConcern{w=null, wTimeout=null ms, journal=null}, retryWrites=true, retryReads=true, readConcern=ReadConcern{level=null}, credential=null, transportSettings=null, commandListeners=[], codecRegistry=ProvidersCodecRegistry{codecProviders=[ValueCodecProvider{}, BsonValueCodecProvider{}, DBRefCodecProvider{}, DBObjectCodecProvider{}, DocumentCodecProvider{}, CollectionCodecProvider{}, IterableCodecProvider{}, MapCodecProvider{}, GeoJsonCodecProvider{}, GridFSFileCodecProvider{}, Jsr310CodecProvider{}, JsonObjectCodecProvider{}, BsonCodecProvider{}, EnumCodecProvider{}, com.mongodb.client.model.mql.ExpressionCodecProvider@29bcf51d, com.mongodb.Jep395RecordCodecProvider@1e54a6b1, com.mongodb.KotlinCodecProvider@f238e4f]}, loggerSettings=LoggerSettings{maxDocumentLength=1000}, clusterSettings={hosts=[localhost:27017], srvServiceName=mongodb, mode=SINGLE, requiredClusterType=UNKNOWN, requiredReplicaSetName='null', serverSelector='null', clusterListeners='[]', serverSelectionTimeout='30000 ms', localThreshold='15 ms'}, socketSettings=SocketSettings{connectTimeoutMS=10000, readTimeoutMS=0, receiveBufferSize=0, proxySettings=ProxySettings{host=null, port=null, username=null, password=null}}, heartbeatSocketSettings=SocketSettings{connectTimeoutMS=10000, readTimeoutMS=10000, receiveBufferSize=0, proxySettings=ProxySettings{host=null, port=null, username=null, password=null}}, connectionPoolSettings=ConnectionPoolSettings{maxSize=100, minSize=0, maxWaitTimeMS=120000, maxConnectionLifeTimeMS=0, maxConnectionIdleTimeMS=0, maintenanceInitialDelayMS=0, maintenanceFrequencyMS=60000, connectionPoolListeners=[], maxConnecting=2}, serverSettings=ServerSettings{heartbeatFrequencyMS=10000, minHeartbeatFrequencyMS=500, serverListeners='[]', serverMonitorListeners='[]'}, sslSettings=SslSettings{enabled=false, invalidHostNameAllowed=false, context=null}, applicationName='null', compressorList=[], uuidRepresentation=JAVA_LEGACY, serverApi=null, autoEncryptionSettings=null, dnsClient=null, inetAddressResolver=null, contextProvider=null}
2024-07-16 11:34:19 - Monitor thread successfully connected to server with description ServerDescription{address=localhost:27017, type=STANDALONE, state=CONNECTED, ok=true, minWireVersion=0, maxWireVersion=21, maxDocumentSize=16777216, logicalSessionTimeoutMinutes=30, roundTripTimeNanos=81387800}
2024-07-16 11:34:20 - You are asking Spring Security to ignore Deferred [Mvc [pattern='/auth/authenticate'], Ant [pattern='/auth/authenticate']]. This is not recommended -- please use permitAll via HttpSecurity#authorizeHttpRequests instead.
2024-07-16 11:34:21 - Starting ProtocolHandler ["http-nio-8080"]
2024-07-16 11:34:21 - Tomcat started on port 8080 (http) with context path '/'
2024-07-16 11:34:21 - Started ReportingServiceApplication in 8.921 seconds (process running for 9.979)
2024-07-16 11:34:28 - Initializing Spring DispatcherServlet 'dispatcherServlet'
2024-07-16 11:34:28 - Initializing Servlet 'dispatcherServlet'
2024-07-16 11:34:28 - Completed initialization in 4 ms
2024-07-16 11:39:04 - HV000001: Hibernate Validator 8.0.1.Final
2024-07-16 11:39:04 - Starting ReportingServiceApplication using Java 18.0.2.1 with PID 13764 (C:\Users\a.esposito\Desktop\Esercizi Intelij\reporting-service - Copia\target\classes started by a.esposito in C:\Users\a.esposito\Desktop\Esercizi Intelij\reporting-service - Copia)
2024-07-16 11:39:04 - No active profile set, falling back to 1 default profile: "default"
2024-07-16 11:39:06 - Multiple Spring Data modules found, entering strict repository configuration mode
2024-07-16 11:39:06 - Bootstrapping Spring Data MongoDB repositories in DEFAULT mode.
2024-07-16 11:39:06 - Finished Spring Data repository scanning in 134 ms. Found 1 MongoDB repository interface.
2024-07-16 11:39:07 - Tomcat initialized with port 8080 (http)
2024-07-16 11:39:07 - Initializing ProtocolHandler ["http-nio-8080"]
2024-07-16 11:39:07 - Starting service [Tomcat]
2024-07-16 11:39:07 - Starting Servlet engine: [Apache Tomcat/10.1.25]
2024-07-16 11:39:08 - Initializing Spring embedded WebApplicationContext
2024-07-16 11:39:08 - Root WebApplicationContext: initialization completed in 3466 ms
2024-07-16 11:39:08 - MongoClient with metadata {"driver": {"name": "mongo-java-driver|sync|spring-boot", "version": "5.0.1"}, "os": {"type": "Windows", "name": "Windows 10", "architecture": "amd64", "version": "10.0"}, "platform": "Java/Oracle Corporation/18.0.2.1+1-1"} created with settings MongoClientSettings{readPreference=primary, writeConcern=WriteConcern{w=null, wTimeout=null ms, journal=null}, retryWrites=true, retryReads=true, readConcern=ReadConcern{level=null}, credential=null, transportSettings=null, commandListeners=[], codecRegistry=ProvidersCodecRegistry{codecProviders=[ValueCodecProvider{}, BsonValueCodecProvider{}, DBRefCodecProvider{}, DBObjectCodecProvider{}, DocumentCodecProvider{}, CollectionCodecProvider{}, IterableCodecProvider{}, MapCodecProvider{}, GeoJsonCodecProvider{}, GridFSFileCodecProvider{}, Jsr310CodecProvider{}, JsonObjectCodecProvider{}, BsonCodecProvider{}, EnumCodecProvider{}, com.mongodb.client.model.mql.ExpressionCodecProvider@7d4d8579, com.mongodb.Jep395RecordCodecProvider@159424e2, com.mongodb.KotlinCodecProvider@29bcf51d]}, loggerSettings=LoggerSettings{maxDocumentLength=1000}, clusterSettings={hosts=[localhost:27017], srvServiceName=mongodb, mode=SINGLE, requiredClusterType=UNKNOWN, requiredReplicaSetName='null', serverSelector='null', clusterListeners='[]', serverSelectionTimeout='30000 ms', localThreshold='15 ms'}, socketSettings=SocketSettings{connectTimeoutMS=10000, readTimeoutMS=0, receiveBufferSize=0, proxySettings=ProxySettings{host=null, port=null, username=null, password=null}}, heartbeatSocketSettings=SocketSettings{connectTimeoutMS=10000, readTimeoutMS=10000, receiveBufferSize=0, proxySettings=ProxySettings{host=null, port=null, username=null, password=null}}, connectionPoolSettings=ConnectionPoolSettings{maxSize=100, minSize=0, maxWaitTimeMS=120000, maxConnectionLifeTimeMS=0, maxConnectionIdleTimeMS=0, maintenanceInitialDelayMS=0, maintenanceFrequencyMS=60000, connectionPoolListeners=[], maxConnecting=2}, serverSettings=ServerSettings{heartbeatFrequencyMS=10000, minHeartbeatFrequencyMS=500, serverListeners='[]', serverMonitorListeners='[]'}, sslSettings=SslSettings{enabled=false, invalidHostNameAllowed=false, context=null}, applicationName='null', compressorList=[], uuidRepresentation=JAVA_LEGACY, serverApi=null, autoEncryptionSettings=null, dnsClient=null, inetAddressResolver=null, contextProvider=null}
2024-07-16 11:39:08 - Monitor thread successfully connected to server with description ServerDescription{address=localhost:27017, type=STANDALONE, state=CONNECTED, ok=true, minWireVersion=0, maxWireVersion=21, maxDocumentSize=16777216, logicalSessionTimeoutMinutes=30, roundTripTimeNanos=77702000}
2024-07-16 11:39:10 - Starting ProtocolHandler ["http-nio-8080"]
2024-07-16 11:39:10 - Tomcat started on port 8080 (http) with context path '/'
2024-07-16 11:39:10 - Started ReportingServiceApplication in 7.457 seconds (process running for 8.329)
2024-07-16 11:39:20 - Initializing Spring DispatcherServlet 'dispatcherServlet'
2024-07-16 11:39:20 - Initializing Servlet 'dispatcherServlet'
2024-07-16 11:39:20 - Completed initialization in 1 ms
2024-07-16 11:46:08 - HV000001: Hibernate Validator 8.0.1.Final
2024-07-16 11:46:08 - Starting ReportingServiceApplication using Java 18.0.2.1 with PID 14280 (C:\Users\a.esposito\Desktop\Esercizi Intelij\reporting-service - Copia\target\classes started by a.esposito in C:\Users\a.esposito\Desktop\Esercizi Intelij\reporting-service - Copia)
2024-07-16 11:46:08 - No active profile set, falling back to 1 default profile: "default"
2024-07-16 11:46:10 - Multiple Spring Data modules found, entering strict repository configuration mode
2024-07-16 11:46:10 - Bootstrapping Spring Data MongoDB repositories in DEFAULT mode.
2024-07-16 11:46:10 - Finished Spring Data repository scanning in 133 ms. Found 1 MongoDB repository interface.
2024-07-16 11:46:11 - Tomcat initialized with port 8080 (http)
2024-07-16 11:46:11 - Initializing ProtocolHandler ["http-nio-8080"]
2024-07-16 11:46:11 - Starting service [Tomcat]
2024-07-16 11:46:11 - Starting Servlet engine: [Apache Tomcat/10.1.25]
2024-07-16 11:46:11 - Initializing Spring embedded WebApplicationContext
2024-07-16 11:46:11 - Root WebApplicationContext: initialization completed in 3119 ms
2024-07-16 11:46:12 - MongoClient with metadata {"driver": {"name": "mongo-java-driver|sync|spring-boot", "version": "5.0.1"}, "os": {"type": "Windows", "name": "Windows 10", "architecture": "amd64", "version": "10.0"}, "platform": "Java/Oracle Corporation/18.0.2.1+1-1"} created with settings MongoClientSettings{readPreference=primary, writeConcern=WriteConcern{w=null, wTimeout=null ms, journal=null}, retryWrites=true, retryReads=true, readConcern=ReadConcern{level=null}, credential=null, transportSettings=null, commandListeners=[], codecRegistry=ProvidersCodecRegistry{codecProviders=[ValueCodecProvider{}, BsonValueCodecProvider{}, DBRefCodecProvider{}, DBObjectCodecProvider{}, DocumentCodecProvider{}, CollectionCodecProvider{}, IterableCodecProvider{}, MapCodecProvider{}, GeoJsonCodecProvider{}, GridFSFileCodecProvider{}, Jsr310CodecProvider{}, JsonObjectCodecProvider{}, BsonCodecProvider{}, EnumCodecProvider{}, com.mongodb.client.model.mql.ExpressionCodecProvider@78a8978a, com.mongodb.Jep395RecordCodecProvider@f171912, com.mongodb.KotlinCodecProvider@7d4d8579]}, loggerSettings=LoggerSettings{maxDocumentLength=1000}, clusterSettings={hosts=[localhost:27017], srvServiceName=mongodb, mode=SINGLE, requiredClusterType=UNKNOWN, requiredReplicaSetName='null', serverSelector='null', clusterListeners='[]', serverSelectionTimeout='30000 ms', localThreshold='15 ms'}, socketSettings=SocketSettings{connectTimeoutMS=10000, readTimeoutMS=0, receiveBufferSize=0, proxySettings=ProxySettings{host=null, port=null, username=null, password=null}}, heartbeatSocketSettings=SocketSettings{connectTimeoutMS=10000, readTimeoutMS=10000, receiveBufferSize=0, proxySettings=ProxySettings{host=null, port=null, username=null, password=null}}, connectionPoolSettings=ConnectionPoolSettings{maxSize=100, minSize=0, maxWaitTimeMS=120000, maxConnectionLifeTimeMS=0, maxConnectionIdleTimeMS=0, maintenanceInitialDelayMS=0, maintenanceFrequencyMS=60000, connectionPoolListeners=[], maxConnecting=2}, serverSettings=ServerSettings{heartbeatFrequencyMS=10000, minHeartbeatFrequencyMS=500, serverListeners='[]', serverMonitorListeners='[]'}, sslSettings=SslSettings{enabled=false, invalidHostNameAllowed=false, context=null}, applicationName='null', compressorList=[], uuidRepresentation=JAVA_LEGACY, serverApi=null, autoEncryptionSettings=null, dnsClient=null, inetAddressResolver=null, contextProvider=null}
2024-07-16 11:46:12 - Monitor thread successfully connected to server with description ServerDescription{address=localhost:27017, type=STANDALONE, state=CONNECTED, ok=true, minWireVersion=0, maxWireVersion=21, maxDocumentSize=16777216, logicalSessionTimeoutMinutes=30, roundTripTimeNanos=71758500}
2024-07-16 11:46:13 - Starting ProtocolHandler ["http-nio-8080"]
2024-07-16 11:46:13 - Tomcat started on port 8080 (http) with context path '/'
2024-07-16 11:46:13 - Started ReportingServiceApplication in 6.505 seconds (process running for 7.446)
2024-07-16 12:18:41 - HV000001: Hibernate Validator 8.0.1.Final
2024-07-16 12:18:42 - 

Found multiple occurrences of org.json.JSONObject on the class path:

	jar:file:/C:/Users/a.esposito/.m2/repository/com/vaadin/external/google/android-json/0.0.20131108.vaadin1/android-json-0.0.20131108.vaadin1.jar!/org/json/JSONObject.class
	jar:file:/C:/Users/a.esposito/.m2/repository/org/json/json/20210307/json-20210307.jar!/org/json/JSONObject.class

You may wish to exclude one of them to ensure predictable runtime behavior

2024-07-16 12:18:42 - Starting ReportingServiceApplicationTests using Java 21.0.3 with PID 8624 (started by a.esposito in C:\Users\a.esposito\Desktop\Esercizi Intelij\reporting-service - Copia)
2024-07-16 12:18:42 - No active profile set, falling back to 1 default profile: "default"
2024-07-16 12:18:43 - Multiple Spring Data modules found, entering strict repository configuration mode
2024-07-16 12:18:43 - Bootstrapping Spring Data MongoDB repositories in DEFAULT mode.
2024-07-16 12:18:44 - Finished Spring Data repository scanning in 98 ms. Found 1 MongoDB repository interface.
2024-07-16 12:18:45 - MongoClient with metadata {"driver": {"name": "mongo-java-driver|sync|spring-boot", "version": "5.0.1"}, "os": {"type": "Windows", "name": "Windows 10", "architecture": "amd64", "version": "10.0"}, "platform": "Java/Oracle Corporation/21.0.3+7-LTS-152"} created with settings MongoClientSettings{readPreference=primary, writeConcern=WriteConcern{w=null, wTimeout=null ms, journal=null}, retryWrites=true, retryReads=true, readConcern=ReadConcern{level=null}, credential=null, transportSettings=null, commandListeners=[], codecRegistry=ProvidersCodecRegistry{codecProviders=[ValueCodecProvider{}, BsonValueCodecProvider{}, DBRefCodecProvider{}, DBObjectCodecProvider{}, DocumentCodecProvider{}, CollectionCodecProvider{}, IterableCodecProvider{}, MapCodecProvider{}, GeoJsonCodecProvider{}, GridFSFileCodecProvider{}, Jsr310CodecProvider{}, JsonObjectCodecProvider{}, BsonCodecProvider{}, EnumCodecProvider{}, com.mongodb.client.model.mql.ExpressionCodecProvider@531ec978, com.mongodb.Jep395RecordCodecProvider@93501be, com.mongodb.KotlinCodecProvider@11d4d979]}, loggerSettings=LoggerSettings{maxDocumentLength=1000}, clusterSettings={hosts=[localhost:27017], srvServiceName=mongodb, mode=SINGLE, requiredClusterType=UNKNOWN, requiredReplicaSetName='null', serverSelector='null', clusterListeners='[]', serverSelectionTimeout='30000 ms', localThreshold='15 ms'}, socketSettings=SocketSettings{connectTimeoutMS=10000, readTimeoutMS=0, receiveBufferSize=0, proxySettings=ProxySettings{host=null, port=null, username=null, password=null}}, heartbeatSocketSettings=SocketSettings{connectTimeoutMS=10000, readTimeoutMS=10000, receiveBufferSize=0, proxySettings=ProxySettings{host=null, port=null, username=null, password=null}}, connectionPoolSettings=ConnectionPoolSettings{maxSize=100, minSize=0, maxWaitTimeMS=120000, maxConnectionLifeTimeMS=0, maxConnectionIdleTimeMS=0, maintenanceInitialDelayMS=0, maintenanceFrequencyMS=60000, connectionPoolListeners=[], maxConnecting=2}, serverSettings=ServerSettings{heartbeatFrequencyMS=10000, minHeartbeatFrequencyMS=500, serverListeners='[]', serverMonitorListeners='[]'}, sslSettings=SslSettings{enabled=false, invalidHostNameAllowed=false, context=null}, applicationName='null', compressorList=[], uuidRepresentation=JAVA_LEGACY, serverApi=null, autoEncryptionSettings=null, dnsClient=null, inetAddressResolver=null, contextProvider=null}
2024-07-16 12:18:45 - Monitor thread successfully connected to server with description ServerDescription{address=localhost:27017, type=STANDALONE, state=CONNECTED, ok=true, minWireVersion=0, maxWireVersion=21, maxDocumentSize=16777216, logicalSessionTimeoutMinutes=30, roundTripTimeNanos=49767400}
2024-07-16 12:18:47 - Started ReportingServiceApplicationTests in 5.879 seconds (process running for 7.814)
2024-07-16 12:22:44 - HV000001: Hibernate Validator 8.0.1.Final
2024-07-16 12:22:44 - 

Found multiple occurrences of org.json.JSONObject on the class path:

	jar:file:/C:/Users/a.esposito/.m2/repository/com/vaadin/external/google/android-json/0.0.20131108.vaadin1/android-json-0.0.20131108.vaadin1.jar!/org/json/JSONObject.class
	jar:file:/C:/Users/a.esposito/.m2/repository/org/json/json/20210307/json-20210307.jar!/org/json/JSONObject.class

You may wish to exclude one of them to ensure predictable runtime behavior

2024-07-16 12:22:44 - Starting ReportingServiceApplicationTests using Java 21.0.3 with PID 4972 (started by a.esposito in C:\Users\a.esposito\Desktop\Esercizi Intelij\reporting-service - Copia)
2024-07-16 12:22:44 - No active profile set, falling back to 1 default profile: "default"
2024-07-16 12:22:46 - Multiple Spring Data modules found, entering strict repository configuration mode
2024-07-16 12:22:46 - Bootstrapping Spring Data MongoDB repositories in DEFAULT mode.
2024-07-16 12:22:46 - Finished Spring Data repository scanning in 159 ms. Found 1 MongoDB repository interface.
2024-07-16 12:22:47 - MongoClient with metadata {"driver": {"name": "mongo-java-driver|sync|spring-boot", "version": "5.0.1"}, "os": {"type": "Windows", "name": "Windows 10", "architecture": "amd64", "version": "10.0"}, "platform": "Java/Oracle Corporation/21.0.3+7-LTS-152"} created with settings MongoClientSettings{readPreference=primary, writeConcern=WriteConcern{w=null, wTimeout=null ms, journal=null}, retryWrites=true, retryReads=true, readConcern=ReadConcern{level=null}, credential=null, transportSettings=null, commandListeners=[], codecRegistry=ProvidersCodecRegistry{codecProviders=[ValueCodecProvider{}, BsonValueCodecProvider{}, DBRefCodecProvider{}, DBObjectCodecProvider{}, DocumentCodecProvider{}, CollectionCodecProvider{}, IterableCodecProvider{}, MapCodecProvider{}, GeoJsonCodecProvider{}, GridFSFileCodecProvider{}, Jsr310CodecProvider{}, JsonObjectCodecProvider{}, BsonCodecProvider{}, EnumCodecProvider{}, com.mongodb.client.model.mql.ExpressionCodecProvider@5ccc971e, com.mongodb.Jep395RecordCodecProvider@28269c65, com.mongodb.KotlinCodecProvider@4c9d833]}, loggerSettings=LoggerSettings{maxDocumentLength=1000}, clusterSettings={hosts=[localhost:27017], srvServiceName=mongodb, mode=SINGLE, requiredClusterType=UNKNOWN, requiredReplicaSetName='null', serverSelector='null', clusterListeners='[]', serverSelectionTimeout='30000 ms', localThreshold='15 ms'}, socketSettings=SocketSettings{connectTimeoutMS=10000, readTimeoutMS=0, receiveBufferSize=0, proxySettings=ProxySettings{host=null, port=null, username=null, password=null}}, heartbeatSocketSettings=SocketSettings{connectTimeoutMS=10000, readTimeoutMS=10000, receiveBufferSize=0, proxySettings=ProxySettings{host=null, port=null, username=null, password=null}}, connectionPoolSettings=ConnectionPoolSettings{maxSize=100, minSize=0, maxWaitTimeMS=120000, maxConnectionLifeTimeMS=0, maxConnectionIdleTimeMS=0, maintenanceInitialDelayMS=0, maintenanceFrequencyMS=60000, connectionPoolListeners=[], maxConnecting=2}, serverSettings=ServerSettings{heartbeatFrequencyMS=10000, minHeartbeatFrequencyMS=500, serverListeners='[]', serverMonitorListeners='[]'}, sslSettings=SslSettings{enabled=false, invalidHostNameAllowed=false, context=null}, applicationName='null', compressorList=[], uuidRepresentation=JAVA_LEGACY, serverApi=null, autoEncryptionSettings=null, dnsClient=null, inetAddressResolver=null, contextProvider=null}
2024-07-16 12:22:47 - Monitor thread successfully connected to server with description ServerDescription{address=localhost:27017, type=STANDALONE, state=CONNECTED, ok=true, minWireVersion=0, maxWireVersion=21, maxDocumentSize=16777216, logicalSessionTimeoutMinutes=30, roundTripTimeNanos=48858000}
2024-07-16 12:22:49 - Started ReportingServiceApplicationTests in 5.672 seconds (process running for 11.498)
2024-07-16 12:46:46 - 

Found multiple occurrences of org.json.JSONObject on the class path:

	jar:file:/C:/Users/a.esposito/.m2/repository/com/vaadin/external/google/android-json/0.0.20131108.vaadin1/android-json-0.0.20131108.vaadin1.jar!/org/json/JSONObject.class
	jar:file:/C:/Users/a.esposito/.m2/repository/org/json/json/20210307/json-20210307.jar!/org/json/JSONObject.class

You may wish to exclude one of them to ensure predictable runtime behavior

2024-07-16 12:46:46 - HV000001: Hibernate Validator 8.0.1.Final
2024-07-16 12:46:46 - Starting ReportingServiceApplicationTests using Java 21.0.3 with PID 13028 (started by a.esposito in C:\Users\a.esposito\Desktop\Esercizi Intelij\reporting-service - Copia)
2024-07-16 12:46:46 - No active profile set, falling back to 1 default profile: "default"
2024-07-16 12:46:48 - Multiple Spring Data modules found, entering strict repository configuration mode
2024-07-16 12:46:48 - Bootstrapping Spring Data MongoDB repositories in DEFAULT mode.
2024-07-16 12:46:48 - Finished Spring Data repository scanning in 118 ms. Found 1 MongoDB repository interface.
2024-07-16 12:46:50 - MongoClient with metadata {"driver": {"name": "mongo-java-driver|sync|spring-boot", "version": "5.0.1"}, "os": {"type": "Windows", "name": "Windows 10", "architecture": "amd64", "version": "10.0"}, "platform": "Java/Oracle Corporation/21.0.3+7-LTS-152"} created with settings MongoClientSettings{readPreference=primary, writeConcern=WriteConcern{w=null, wTimeout=null ms, journal=null}, retryWrites=true, retryReads=true, readConcern=ReadConcern{level=null}, credential=null, transportSettings=null, commandListeners=[], codecRegistry=ProvidersCodecRegistry{codecProviders=[ValueCodecProvider{}, BsonValueCodecProvider{}, DBRefCodecProvider{}, DBObjectCodecProvider{}, DocumentCodecProvider{}, CollectionCodecProvider{}, IterableCodecProvider{}, MapCodecProvider{}, GeoJsonCodecProvider{}, GridFSFileCodecProvider{}, Jsr310CodecProvider{}, JsonObjectCodecProvider{}, BsonCodecProvider{}, EnumCodecProvider{}, com.mongodb.client.model.mql.ExpressionCodecProvider@2b2b7e3c, com.mongodb.Jep395RecordCodecProvider@3ec082a1, com.mongodb.KotlinCodecProvider@7a3c99f1]}, loggerSettings=LoggerSettings{maxDocumentLength=1000}, clusterSettings={hosts=[localhost:27017], srvServiceName=mongodb, mode=SINGLE, requiredClusterType=UNKNOWN, requiredReplicaSetName='null', serverSelector='null', clusterListeners='[]', serverSelectionTimeout='30000 ms', localThreshold='15 ms'}, socketSettings=SocketSettings{connectTimeoutMS=10000, readTimeoutMS=0, receiveBufferSize=0, proxySettings=ProxySettings{host=null, port=null, username=null, password=null}}, heartbeatSocketSettings=SocketSettings{connectTimeoutMS=10000, readTimeoutMS=10000, receiveBufferSize=0, proxySettings=ProxySettings{host=null, port=null, username=null, password=null}}, connectionPoolSettings=ConnectionPoolSettings{maxSize=100, minSize=0, maxWaitTimeMS=120000, maxConnectionLifeTimeMS=0, maxConnectionIdleTimeMS=0, maintenanceInitialDelayMS=0, maintenanceFrequencyMS=60000, connectionPoolListeners=[], maxConnecting=2}, serverSettings=ServerSettings{heartbeatFrequencyMS=10000, minHeartbeatFrequencyMS=500, serverListeners='[]', serverMonitorListeners='[]'}, sslSettings=SslSettings{enabled=false, invalidHostNameAllowed=false, context=null}, applicationName='null', compressorList=[], uuidRepresentation=JAVA_LEGACY, serverApi=null, autoEncryptionSettings=null, dnsClient=null, inetAddressResolver=null, contextProvider=null}
2024-07-16 12:46:50 - Monitor thread successfully connected to server with description ServerDescription{address=localhost:27017, type=STANDALONE, state=CONNECTED, ok=true, minWireVersion=0, maxWireVersion=21, maxDocumentSize=16777216, logicalSessionTimeoutMinutes=30, roundTripTimeNanos=50423200}
2024-07-16 12:46:51 - Started ReportingServiceApplicationTests in 5.786 seconds (process running for 10.4)
2024-07-16 17:05:57 - HV000001: Hibernate Validator 8.0.1.Final
2024-07-16 17:05:57 - Starting ReportingServiceApplication using Java 18.0.2.1 with PID 6748 (C:\Users\a.esposito\Desktop\Progetto Project-Manager-Service\reporting-service\target\classes started by a.esposito in C:\Users\a.esposito\Desktop\Progetto Project-Manager-Service\reporting-service)
2024-07-16 17:05:57 - No active profile set, falling back to 1 default profile: "default"
2024-07-16 17:05:59 - Multiple Spring Data modules found, entering strict repository configuration mode
2024-07-16 17:05:59 - Bootstrapping Spring Data MongoDB repositories in DEFAULT mode.
2024-07-16 17:05:59 - Finished Spring Data repository scanning in 140 ms. Found 1 MongoDB repository interface.
2024-07-16 17:06:00 - Tomcat initialized with port 8080 (http)
2024-07-16 17:06:00 - Initializing ProtocolHandler ["http-nio-8080"]
2024-07-16 17:06:00 - Starting service [Tomcat]
2024-07-16 17:06:00 - Starting Servlet engine: [Apache Tomcat/10.1.25]
2024-07-16 17:06:00 - Initializing Spring embedded WebApplicationContext
2024-07-16 17:06:00 - Root WebApplicationContext: initialization completed in 3240 ms
2024-07-16 17:06:01 - MongoClient with metadata {"driver": {"name": "mongo-java-driver|sync|spring-boot", "version": "5.0.1"}, "os": {"type": "Windows", "name": "Windows 10", "architecture": "amd64", "version": "10.0"}, "platform": "Java/Oracle Corporation/18.0.2.1+1-1"} created with settings MongoClientSettings{readPreference=primary, writeConcern=WriteConcern{w=null, wTimeout=null ms, journal=null}, retryWrites=true, retryReads=true, readConcern=ReadConcern{level=null}, credential=null, transportSettings=null, commandListeners=[], codecRegistry=ProvidersCodecRegistry{codecProviders=[ValueCodecProvider{}, BsonValueCodecProvider{}, DBRefCodecProvider{}, DBObjectCodecProvider{}, DocumentCodecProvider{}, CollectionCodecProvider{}, IterableCodecProvider{}, MapCodecProvider{}, GeoJsonCodecProvider{}, GridFSFileCodecProvider{}, Jsr310CodecProvider{}, JsonObjectCodecProvider{}, BsonCodecProvider{}, EnumCodecProvider{}, com.mongodb.client.model.mql.ExpressionCodecProvider@384fda47, com.mongodb.Jep395RecordCodecProvider@3663d0ba, com.mongodb.KotlinCodecProvider@575cabf0]}, loggerSettings=LoggerSettings{maxDocumentLength=1000}, clusterSettings={hosts=[localhost:27017], srvServiceName=mongodb, mode=SINGLE, requiredClusterType=UNKNOWN, requiredReplicaSetName='null', serverSelector='null', clusterListeners='[]', serverSelectionTimeout='30000 ms', localThreshold='15 ms'}, socketSettings=SocketSettings{connectTimeoutMS=10000, readTimeoutMS=0, receiveBufferSize=0, proxySettings=ProxySettings{host=null, port=null, username=null, password=null}}, heartbeatSocketSettings=SocketSettings{connectTimeoutMS=10000, readTimeoutMS=10000, receiveBufferSize=0, proxySettings=ProxySettings{host=null, port=null, username=null, password=null}}, connectionPoolSettings=ConnectionPoolSettings{maxSize=100, minSize=0, maxWaitTimeMS=120000, maxConnectionLifeTimeMS=0, maxConnectionIdleTimeMS=0, maintenanceInitialDelayMS=0, maintenanceFrequencyMS=60000, connectionPoolListeners=[], maxConnecting=2}, serverSettings=ServerSettings{heartbeatFrequencyMS=10000, minHeartbeatFrequencyMS=500, serverListeners='[]', serverMonitorListeners='[]'}, sslSettings=SslSettings{enabled=false, invalidHostNameAllowed=false, context=null}, applicationName='null', compressorList=[], uuidRepresentation=JAVA_LEGACY, serverApi=null, autoEncryptionSettings=null, dnsClient=null, inetAddressResolver=null, contextProvider=null}
2024-07-16 17:06:01 - Monitor thread successfully connected to server with description ServerDescription{address=localhost:27017, type=STANDALONE, state=CONNECTED, ok=true, minWireVersion=0, maxWireVersion=21, maxDocumentSize=16777216, logicalSessionTimeoutMinutes=30, roundTripTimeNanos=65701300}
2024-07-16 17:06:02 - Starting ProtocolHandler ["http-nio-8080"]
2024-07-16 17:06:02 - Tomcat started on port 8080 (http) with context path '/'
2024-07-16 17:06:02 - Started ReportingServiceApplication in 6.733 seconds (process running for 7.611)
2024-07-16 17:06:47 - HV000001: Hibernate Validator 8.0.1.Final
2024-07-16 17:06:47 - Starting ReportingServiceApplication using Java 18.0.2.1 with PID 3228 (C:\Users\a.esposito\Desktop\Progetto Project-Manager-Service\reporting-service\target\classes started by a.esposito in C:\Users\a.esposito\Desktop\Progetto Project-Manager-Service\reporting-service)
2024-07-16 17:06:47 - No active profile set, falling back to 1 default profile: "default"
2024-07-16 17:06:49 - Multiple Spring Data modules found, entering strict repository configuration mode
2024-07-16 17:06:49 - Bootstrapping Spring Data MongoDB repositories in DEFAULT mode.
2024-07-16 17:06:49 - Finished Spring Data repository scanning in 166 ms. Found 1 MongoDB repository interface.
2024-07-16 17:06:51 - Tomcat initialized with port 8080 (http)
2024-07-16 17:06:51 - Initializing ProtocolHandler ["http-nio-8080"]
2024-07-16 17:06:51 - Starting service [Tomcat]
2024-07-16 17:06:51 - Starting Servlet engine: [Apache Tomcat/10.1.25]
2024-07-16 17:06:51 - Initializing Spring embedded WebApplicationContext
2024-07-16 17:06:51 - Root WebApplicationContext: initialization completed in 3407 ms
2024-07-16 17:06:52 - MongoClient with metadata {"driver": {"name": "mongo-java-driver|sync|spring-boot", "version": "5.0.1"}, "os": {"type": "Windows", "name": "Windows 10", "architecture": "amd64", "version": "10.0"}, "platform": "Java/Oracle Corporation/18.0.2.1+1-1"} created with settings MongoClientSettings{readPreference=primary, writeConcern=WriteConcern{w=null, wTimeout=null ms, journal=null}, retryWrites=true, retryReads=true, readConcern=ReadConcern{level=null}, credential=null, transportSettings=null, commandListeners=[], codecRegistry=ProvidersCodecRegistry{codecProviders=[ValueCodecProvider{}, BsonValueCodecProvider{}, DBRefCodecProvider{}, DBObjectCodecProvider{}, DocumentCodecProvider{}, CollectionCodecProvider{}, IterableCodecProvider{}, MapCodecProvider{}, GeoJsonCodecProvider{}, GridFSFileCodecProvider{}, Jsr310CodecProvider{}, JsonObjectCodecProvider{}, BsonCodecProvider{}, EnumCodecProvider{}, com.mongodb.client.model.mql.ExpressionCodecProvider@4e245739, com.mongodb.Jep395RecordCodecProvider@5d66e944, com.mongodb.KotlinCodecProvider@469a7575]}, loggerSettings=LoggerSettings{maxDocumentLength=1000}, clusterSettings={hosts=[localhost:27017], srvServiceName=mongodb, mode=SINGLE, requiredClusterType=UNKNOWN, requiredReplicaSetName='null', serverSelector='null', clusterListeners='[]', serverSelectionTimeout='30000 ms', localThreshold='15 ms'}, socketSettings=SocketSettings{connectTimeoutMS=10000, readTimeoutMS=0, receiveBufferSize=0, proxySettings=ProxySettings{host=null, port=null, username=null, password=null}}, heartbeatSocketSettings=SocketSettings{connectTimeoutMS=10000, readTimeoutMS=10000, receiveBufferSize=0, proxySettings=ProxySettings{host=null, port=null, username=null, password=null}}, connectionPoolSettings=ConnectionPoolSettings{maxSize=100, minSize=0, maxWaitTimeMS=120000, maxConnectionLifeTimeMS=0, maxConnectionIdleTimeMS=0, maintenanceInitialDelayMS=0, maintenanceFrequencyMS=60000, connectionPoolListeners=[], maxConnecting=2}, serverSettings=ServerSettings{heartbeatFrequencyMS=10000, minHeartbeatFrequencyMS=500, serverListeners='[]', serverMonitorListeners='[]'}, sslSettings=SslSettings{enabled=false, invalidHostNameAllowed=false, context=null}, applicationName='null', compressorList=[], uuidRepresentation=JAVA_LEGACY, serverApi=null, autoEncryptionSettings=null, dnsClient=null, inetAddressResolver=null, contextProvider=null}
2024-07-16 17:06:52 - Monitor thread successfully connected to server with description ServerDescription{address=localhost:27017, type=STANDALONE, state=CONNECTED, ok=true, minWireVersion=0, maxWireVersion=21, maxDocumentSize=16777216, logicalSessionTimeoutMinutes=30, roundTripTimeNanos=58935500}
2024-07-16 17:06:53 - Starting ProtocolHandler ["http-nio-8080"]
2024-07-16 17:06:54 - Tomcat started on port 8080 (http) with context path '/'
2024-07-16 17:06:54 - Started ReportingServiceApplication in 7.741 seconds (process running for 8.63)
2024-07-16 17:07:19 - Initializing Spring DispatcherServlet 'dispatcherServlet'
2024-07-16 17:07:19 - Initializing Servlet 'dispatcherServlet'
2024-07-16 17:07:19 - Completed initialization in 1 ms
