2024-07-15 14:42:28 - HV000001: Hibernate Validator 8.0.1.Final
2024-07-15 14:42:28 - Starting ReportingServiceApplication using Java 18.0.2.1 with PID 10552 (C:\Users\a.esposito\Desktop\Esercizi Intelij\reporting-service\target\classes started by a.esposito in C:\Users\a.esposito\Desktop\Esercizi Intelij\reporting-service)
2024-07-15 14:42:28 - No active profile set, falling back to 1 default profile: "default"
2024-07-15 14:42:30 - Multiple Spring Data modules found, entering strict repository configuration mode
2024-07-15 14:42:30 - Bootstrapping Spring Data MongoDB repositories in DEFAULT mode.
2024-07-15 14:42:30 - Finished Spring Data repository scanning in 130 ms. Found 1 MongoDB repository interface.
2024-07-15 14:42:31 - Tomcat initialized with port 8080 (http)
2024-07-15 14:42:31 - Initializing ProtocolHandler ["http-nio-8080"]
2024-07-15 14:42:31 - Starting service [Tomcat]
2024-07-15 14:42:31 - Starting Servlet engine: [Apache Tomcat/10.1.25]
2024-07-15 14:42:31 - Initializing Spring embedded WebApplicationContext
2024-07-15 14:42:31 - Root WebApplicationContext: initialization completed in 3171 ms
2024-07-15 14:42:32 - MongoClient with metadata {"driver": {"name": "mongo-java-driver|sync|spring-boot", "version": "5.0.1"}, "os": {"type": "Windows", "name": "Windows 10", "architecture": "amd64", "version": "10.0"}, "platform": "Java/Oracle Corporation/18.0.2.1+1-1"} created with settings MongoClientSettings{readPreference=primary, writeConcern=WriteConcern{w=null, wTimeout=null ms, journal=null}, retryWrites=true, retryReads=true, readConcern=ReadConcern{level=null}, credential=null, transportSettings=null, commandListeners=[], codecRegistry=ProvidersCodecRegistry{codecProviders=[ValueCodecProvider{}, BsonValueCodecProvider{}, DBRefCodecProvider{}, DBObjectCodecProvider{}, DocumentCodecProvider{}, CollectionCodecProvider{}, IterableCodecProvider{}, MapCodecProvider{}, GeoJsonCodecProvider{}, GridFSFileCodecProvider{}, Jsr310CodecProvider{}, JsonObjectCodecProvider{}, BsonCodecProvider{}, EnumCodecProvider{}, com.mongodb.client.model.mql.ExpressionCodecProvider@55f4887d, com.mongodb.Jep395RecordCodecProvider@26837057, com.mongodb.KotlinCodecProvider@2dbc408c]}, loggerSettings=LoggerSettings{maxDocumentLength=1000}, clusterSettings={hosts=[localhost:27017], srvServiceName=mongodb, mode=SINGLE, requiredClusterType=UNKNOWN, requiredReplicaSetName='null', serverSelector='null', clusterListeners='[]', serverSelectionTimeout='30000 ms', localThreshold='15 ms'}, socketSettings=SocketSettings{connectTimeoutMS=10000, readTimeoutMS=0, receiveBufferSize=0, proxySettings=ProxySettings{host=null, port=null, username=null, password=null}}, heartbeatSocketSettings=SocketSettings{connectTimeoutMS=10000, readTimeoutMS=10000, receiveBufferSize=0, proxySettings=ProxySettings{host=null, port=null, username=null, password=null}}, connectionPoolSettings=ConnectionPoolSettings{maxSize=100, minSize=0, maxWaitTimeMS=120000, maxConnectionLifeTimeMS=0, maxConnectionIdleTimeMS=0, maintenanceInitialDelayMS=0, maintenanceFrequencyMS=60000, connectionPoolListeners=[], maxConnecting=2}, serverSettings=ServerSettings{heartbeatFrequencyMS=10000, minHeartbeatFrequencyMS=500, serverListeners='[]', serverMonitorListeners='[]'}, sslSettings=SslSettings{enabled=false, invalidHostNameAllowed=false, context=null}, applicationName='null', compressorList=[], uuidRepresentation=JAVA_LEGACY, serverApi=null, autoEncryptionSettings=null, dnsClient=null, inetAddressResolver=null, contextProvider=null}
2024-07-15 14:42:32 - Monitor thread successfully connected to server with description ServerDescription{address=localhost:27017, type=STANDALONE, state=CONNECTED, ok=true, minWireVersion=0, maxWireVersion=21, maxDocumentSize=16777216, logicalSessionTimeoutMinutes=30, roundTripTimeNanos=46150400}
2024-07-15 14:42:33 - Starting ProtocolHandler ["http-nio-8080"]
2024-07-15 14:42:33 - Tomcat started on port 8080 (http) with context path '/'
2024-07-15 14:42:33 - Started ReportingServiceApplication in 6.25 seconds (process running for 7.15)
2024-07-15 14:43:36 - Initializing Spring DispatcherServlet 'dispatcherServlet'
2024-07-15 14:43:36 - Initializing Servlet 'dispatcherServlet'
2024-07-15 14:43:36 - Completed initialization in 1 ms
2024-07-15 15:57:53 - HV000001: Hibernate Validator 8.0.1.Final
2024-07-15 15:57:53 - Starting ReportingServiceApplication using Java 18.0.2.1 with PID 11736 (C:\Users\a.esposito\Desktop\Esercizi Intelij\reporting-service\target\classes started by a.esposito in C:\Users\a.esposito\Desktop\Esercizi Intelij\reporting-service)
2024-07-15 15:57:53 - No active profile set, falling back to 1 default profile: "default"
2024-07-15 15:57:55 - Multiple Spring Data modules found, entering strict repository configuration mode
2024-07-15 15:57:55 - Bootstrapping Spring Data MongoDB repositories in DEFAULT mode.
2024-07-15 15:57:55 - Finished Spring Data repository scanning in 139 ms. Found 1 MongoDB repository interface.
2024-07-15 15:57:56 - Tomcat initialized with port 8080 (http)
2024-07-15 15:57:56 - Initializing ProtocolHandler ["http-nio-8080"]
2024-07-15 15:57:56 - Starting service [Tomcat]
2024-07-15 15:57:56 - Starting Servlet engine: [Apache Tomcat/10.1.25]
2024-07-15 15:57:57 - Initializing Spring embedded WebApplicationContext
2024-07-15 15:57:57 - Root WebApplicationContext: initialization completed in 3106 ms
2024-07-15 15:57:57 - MongoClient with metadata {"driver": {"name": "mongo-java-driver|sync|spring-boot", "version": "5.0.1"}, "os": {"type": "Windows", "name": "Windows 10", "architecture": "amd64", "version": "10.0"}, "platform": "Java/Oracle Corporation/18.0.2.1+1-1"} created with settings MongoClientSettings{readPreference=primary, writeConcern=WriteConcern{w=null, wTimeout=null ms, journal=null}, retryWrites=true, retryReads=true, readConcern=ReadConcern{level=null}, credential=null, transportSettings=null, commandListeners=[], codecRegistry=ProvidersCodecRegistry{codecProviders=[ValueCodecProvider{}, BsonValueCodecProvider{}, DBRefCodecProvider{}, DBObjectCodecProvider{}, DocumentCodecProvider{}, CollectionCodecProvider{}, IterableCodecProvider{}, MapCodecProvider{}, GeoJsonCodecProvider{}, GridFSFileCodecProvider{}, Jsr310CodecProvider{}, JsonObjectCodecProvider{}, BsonCodecProvider{}, EnumCodecProvider{}, com.mongodb.client.model.mql.ExpressionCodecProvider@55f4887d, com.mongodb.Jep395RecordCodecProvider@26837057, com.mongodb.KotlinCodecProvider@2dbc408c]}, loggerSettings=LoggerSettings{maxDocumentLength=1000}, clusterSettings={hosts=[localhost:27017], srvServiceName=mongodb, mode=SINGLE, requiredClusterType=UNKNOWN, requiredReplicaSetName='null', serverSelector='null', clusterListeners='[]', serverSelectionTimeout='30000 ms', localThreshold='15 ms'}, socketSettings=SocketSettings{connectTimeoutMS=10000, readTimeoutMS=0, receiveBufferSize=0, proxySettings=ProxySettings{host=null, port=null, username=null, password=null}}, heartbeatSocketSettings=SocketSettings{connectTimeoutMS=10000, readTimeoutMS=10000, receiveBufferSize=0, proxySettings=ProxySettings{host=null, port=null, username=null, password=null}}, connectionPoolSettings=ConnectionPoolSettings{maxSize=100, minSize=0, maxWaitTimeMS=120000, maxConnectionLifeTimeMS=0, maxConnectionIdleTimeMS=0, maintenanceInitialDelayMS=0, maintenanceFrequencyMS=60000, connectionPoolListeners=[], maxConnecting=2}, serverSettings=ServerSettings{heartbeatFrequencyMS=10000, minHeartbeatFrequencyMS=500, serverListeners='[]', serverMonitorListeners='[]'}, sslSettings=SslSettings{enabled=false, invalidHostNameAllowed=false, context=null}, applicationName='null', compressorList=[], uuidRepresentation=JAVA_LEGACY, serverApi=null, autoEncryptionSettings=null, dnsClient=null, inetAddressResolver=null, contextProvider=null}
2024-07-15 15:57:57 - Monitor thread successfully connected to server with description ServerDescription{address=localhost:27017, type=STANDALONE, state=CONNECTED, ok=true, minWireVersion=0, maxWireVersion=21, maxDocumentSize=16777216, logicalSessionTimeoutMinutes=30, roundTripTimeNanos=38658700}
2024-07-15 15:57:58 - Starting ProtocolHandler ["http-nio-8080"]
2024-07-15 15:57:58 - Tomcat started on port 8080 (http) with context path '/'
2024-07-15 15:57:58 - Started ReportingServiceApplication in 6.42 seconds (process running for 7.231)
2024-07-15 16:17:54 - Initializing Spring DispatcherServlet 'dispatcherServlet'
2024-07-15 16:17:54 - Initializing Servlet 'dispatcherServlet'
2024-07-15 16:17:54 - Completed initialization in 2 ms
2024-07-15 16:23:24 - HV000001: Hibernate Validator 8.0.1.Final
2024-07-15 16:23:24 - Starting ReportingServiceApplication using Java 18.0.2.1 with PID 12204 (C:\Users\a.esposito\Desktop\Esercizi Intelij\reporting-service\target\classes started by a.esposito in C:\Users\a.esposito\Desktop\Esercizi Intelij\reporting-service)
2024-07-15 16:23:24 - No active profile set, falling back to 1 default profile: "default"
2024-07-15 16:23:26 - Multiple Spring Data modules found, entering strict repository configuration mode
2024-07-15 16:23:26 - Bootstrapping Spring Data MongoDB repositories in DEFAULT mode.
2024-07-15 16:23:26 - Finished Spring Data repository scanning in 112 ms. Found 1 MongoDB repository interface.
2024-07-15 16:23:27 - Tomcat initialized with port 8080 (http)
2024-07-15 16:23:27 - Initializing ProtocolHandler ["http-nio-8080"]
2024-07-15 16:23:27 - Starting service [Tomcat]
2024-07-15 16:23:27 - Starting Servlet engine: [Apache Tomcat/10.1.25]
2024-07-15 16:23:27 - Initializing Spring embedded WebApplicationContext
2024-07-15 16:23:27 - Root WebApplicationContext: initialization completed in 3114 ms
2024-07-15 16:23:28 - MongoClient with metadata {"driver": {"name": "mongo-java-driver|sync|spring-boot", "version": "5.0.1"}, "os": {"type": "Windows", "name": "Windows 10", "architecture": "amd64", "version": "10.0"}, "platform": "Java/Oracle Corporation/18.0.2.1+1-1"} created with settings MongoClientSettings{readPreference=primary, writeConcern=WriteConcern{w=null, wTimeout=null ms, journal=null}, retryWrites=true, retryReads=true, readConcern=ReadConcern{level=null}, credential=null, transportSettings=null, commandListeners=[], codecRegistry=ProvidersCodecRegistry{codecProviders=[ValueCodecProvider{}, BsonValueCodecProvider{}, DBRefCodecProvider{}, DBObjectCodecProvider{}, DocumentCodecProvider{}, CollectionCodecProvider{}, IterableCodecProvider{}, MapCodecProvider{}, GeoJsonCodecProvider{}, GridFSFileCodecProvider{}, Jsr310CodecProvider{}, JsonObjectCodecProvider{}, BsonCodecProvider{}, EnumCodecProvider{}, com.mongodb.client.model.mql.ExpressionCodecProvider@a9c5b75, com.mongodb.Jep395RecordCodecProvider@dd4aec3, com.mongodb.KotlinCodecProvider@4dac121d]}, loggerSettings=LoggerSettings{maxDocumentLength=1000}, clusterSettings={hosts=[localhost:27017], srvServiceName=mongodb, mode=SINGLE, requiredClusterType=UNKNOWN, requiredReplicaSetName='null', serverSelector='null', clusterListeners='[]', serverSelectionTimeout='30000 ms', localThreshold='15 ms'}, socketSettings=SocketSettings{connectTimeoutMS=10000, readTimeoutMS=0, receiveBufferSize=0, proxySettings=ProxySettings{host=null, port=null, username=null, password=null}}, heartbeatSocketSettings=SocketSettings{connectTimeoutMS=10000, readTimeoutMS=10000, receiveBufferSize=0, proxySettings=ProxySettings{host=null, port=null, username=null, password=null}}, connectionPoolSettings=ConnectionPoolSettings{maxSize=100, minSize=0, maxWaitTimeMS=120000, maxConnectionLifeTimeMS=0, maxConnectionIdleTimeMS=0, maintenanceInitialDelayMS=0, maintenanceFrequencyMS=60000, connectionPoolListeners=[], maxConnecting=2}, serverSettings=ServerSettings{heartbeatFrequencyMS=10000, minHeartbeatFrequencyMS=500, serverListeners='[]', serverMonitorListeners='[]'}, sslSettings=SslSettings{enabled=false, invalidHostNameAllowed=false, context=null}, applicationName='null', compressorList=[], uuidRepresentation=JAVA_LEGACY, serverApi=null, autoEncryptionSettings=null, dnsClient=null, inetAddressResolver=null, contextProvider=null}
2024-07-15 16:23:28 - Monitor thread successfully connected to server with description ServerDescription{address=localhost:27017, type=STANDALONE, state=CONNECTED, ok=true, minWireVersion=0, maxWireVersion=21, maxDocumentSize=16777216, logicalSessionTimeoutMinutes=30, roundTripTimeNanos=52259900}
2024-07-15 16:23:29 - Starting ProtocolHandler ["http-nio-8080"]
2024-07-15 16:23:29 - Tomcat started on port 8080 (http) with context path '/'
2024-07-15 16:23:29 - Started ReportingServiceApplication in 6.455 seconds (process running for 7.338)
2024-07-15 16:23:37 - Initializing Spring DispatcherServlet 'dispatcherServlet'
2024-07-15 16:23:37 - Initializing Servlet 'dispatcherServlet'
2024-07-15 16:23:37 - Completed initialization in 3 ms
2024-07-15 16:25:25 - HV000001: Hibernate Validator 8.0.1.Final
2024-07-15 16:25:25 - Starting ReportingServiceApplication using Java 18.0.2.1 with PID 12344 (C:\Users\a.esposito\Desktop\Esercizi Intelij\reporting-service\target\classes started by a.esposito in C:\Users\a.esposito\Desktop\Esercizi Intelij\reporting-service)
2024-07-15 16:25:25 - No active profile set, falling back to 1 default profile: "default"
2024-07-15 16:25:28 - Multiple Spring Data modules found, entering strict repository configuration mode
2024-07-15 16:25:28 - Bootstrapping Spring Data MongoDB repositories in DEFAULT mode.
2024-07-15 16:25:29 - Finished Spring Data repository scanning in 380 ms. Found 1 MongoDB repository interface.
2024-07-15 16:25:31 - Tomcat initialized with port 8080 (http)
2024-07-15 16:25:31 - Initializing ProtocolHandler ["http-nio-8080"]
2024-07-15 16:25:31 - Starting service [Tomcat]
2024-07-15 16:25:31 - Starting Servlet engine: [Apache Tomcat/10.1.25]
2024-07-15 16:25:31 - Initializing Spring embedded WebApplicationContext
2024-07-15 16:25:31 - Root WebApplicationContext: initialization completed in 6078 ms
2024-07-15 16:25:32 - MongoClient with metadata {"driver": {"name": "mongo-java-driver|sync|spring-boot", "version": "5.0.1"}, "os": {"type": "Windows", "name": "Windows 10", "architecture": "amd64", "version": "10.0"}, "platform": "Java/Oracle Corporation/18.0.2.1+1-1"} created with settings MongoClientSettings{readPreference=primary, writeConcern=WriteConcern{w=null, wTimeout=null ms, journal=null}, retryWrites=true, retryReads=true, readConcern=ReadConcern{level=null}, credential=null, transportSettings=null, commandListeners=[], codecRegistry=ProvidersCodecRegistry{codecProviders=[ValueCodecProvider{}, BsonValueCodecProvider{}, DBRefCodecProvider{}, DBObjectCodecProvider{}, DocumentCodecProvider{}, CollectionCodecProvider{}, IterableCodecProvider{}, MapCodecProvider{}, GeoJsonCodecProvider{}, GridFSFileCodecProvider{}, Jsr310CodecProvider{}, JsonObjectCodecProvider{}, BsonCodecProvider{}, EnumCodecProvider{}, com.mongodb.client.model.mql.ExpressionCodecProvider@568750b7, com.mongodb.Jep395RecordCodecProvider@3e28fee1, com.mongodb.KotlinCodecProvider@16a2ed51]}, loggerSettings=LoggerSettings{maxDocumentLength=1000}, clusterSettings={hosts=[localhost:27017], srvServiceName=mongodb, mode=SINGLE, requiredClusterType=UNKNOWN, requiredReplicaSetName='null', serverSelector='null', clusterListeners='[]', serverSelectionTimeout='30000 ms', localThreshold='15 ms'}, socketSettings=SocketSettings{connectTimeoutMS=10000, readTimeoutMS=0, receiveBufferSize=0, proxySettings=ProxySettings{host=null, port=null, username=null, password=null}}, heartbeatSocketSettings=SocketSettings{connectTimeoutMS=10000, readTimeoutMS=10000, receiveBufferSize=0, proxySettings=ProxySettings{host=null, port=null, username=null, password=null}}, connectionPoolSettings=ConnectionPoolSettings{maxSize=100, minSize=0, maxWaitTimeMS=120000, maxConnectionLifeTimeMS=0, maxConnectionIdleTimeMS=0, maintenanceInitialDelayMS=0, maintenanceFrequencyMS=60000, connectionPoolListeners=[], maxConnecting=2}, serverSettings=ServerSettings{heartbeatFrequencyMS=10000, minHeartbeatFrequencyMS=500, serverListeners='[]', serverMonitorListeners='[]'}, sslSettings=SslSettings{enabled=false, invalidHostNameAllowed=false, context=null}, applicationName='null', compressorList=[], uuidRepresentation=JAVA_LEGACY, serverApi=null, autoEncryptionSettings=null, dnsClient=null, inetAddressResolver=null, contextProvider=null}
2024-07-15 16:25:32 - Monitor thread successfully connected to server with description ServerDescription{address=localhost:27017, type=STANDALONE, state=CONNECTED, ok=true, minWireVersion=0, maxWireVersion=21, maxDocumentSize=16777216, logicalSessionTimeoutMinutes=30, roundTripTimeNanos=86828800}
2024-07-15 16:25:33 - Starting ProtocolHandler ["http-nio-8080"]
2024-07-15 16:25:33 - Tomcat started on port 8080 (http) with context path '/'
2024-07-15 16:25:33 - Started ReportingServiceApplication in 10.675 seconds (process running for 11.604)
2024-07-15 16:25:37 - Initializing Spring DispatcherServlet 'dispatcherServlet'
2024-07-15 16:25:37 - Initializing Servlet 'dispatcherServlet'
2024-07-15 16:25:37 - Completed initialization in 2 ms
2024-07-15 16:28:58 - HV000001: Hibernate Validator 8.0.1.Final
2024-07-15 16:28:58 - Starting ReportingServiceApplication using Java 18.0.2.1 with PID 11652 (C:\Users\a.esposito\Desktop\Esercizi Intelij\reporting-service\target\classes started by a.esposito in C:\Users\a.esposito\Desktop\Esercizi Intelij\reporting-service)
2024-07-15 16:28:58 - No active profile set, falling back to 1 default profile: "default"
2024-07-15 16:29:00 - Multiple Spring Data modules found, entering strict repository configuration mode
2024-07-15 16:29:00 - Bootstrapping Spring Data MongoDB repositories in DEFAULT mode.
2024-07-15 16:29:00 - Finished Spring Data repository scanning in 113 ms. Found 1 MongoDB repository interface.
2024-07-15 16:29:01 - Tomcat initialized with port 8080 (http)
2024-07-15 16:29:01 - Initializing ProtocolHandler ["http-nio-8080"]
2024-07-15 16:29:01 - Starting service [Tomcat]
2024-07-15 16:29:01 - Starting Servlet engine: [Apache Tomcat/10.1.25]
2024-07-15 16:29:01 - Initializing Spring embedded WebApplicationContext
2024-07-15 16:29:01 - Root WebApplicationContext: initialization completed in 3012 ms
2024-07-15 16:29:02 - MongoClient with metadata {"driver": {"name": "mongo-java-driver|sync|spring-boot", "version": "5.0.1"}, "os": {"type": "Windows", "name": "Windows 10", "architecture": "amd64", "version": "10.0"}, "platform": "Java/Oracle Corporation/18.0.2.1+1-1"} created with settings MongoClientSettings{readPreference=primary, writeConcern=WriteConcern{w=null, wTimeout=null ms, journal=null}, retryWrites=true, retryReads=true, readConcern=ReadConcern{level=null}, credential=null, transportSettings=null, commandListeners=[], codecRegistry=ProvidersCodecRegistry{codecProviders=[ValueCodecProvider{}, BsonValueCodecProvider{}, DBRefCodecProvider{}, DBObjectCodecProvider{}, DocumentCodecProvider{}, CollectionCodecProvider{}, IterableCodecProvider{}, MapCodecProvider{}, GeoJsonCodecProvider{}, GridFSFileCodecProvider{}, Jsr310CodecProvider{}, JsonObjectCodecProvider{}, BsonCodecProvider{}, EnumCodecProvider{}, com.mongodb.client.model.mql.ExpressionCodecProvider@dd4aec3, com.mongodb.Jep395RecordCodecProvider@4dac121d, com.mongodb.KotlinCodecProvider@568750b7]}, loggerSettings=LoggerSettings{maxDocumentLength=1000}, clusterSettings={hosts=[localhost:27017], srvServiceName=mongodb, mode=SINGLE, requiredClusterType=UNKNOWN, requiredReplicaSetName='null', serverSelector='null', clusterListeners='[]', serverSelectionTimeout='30000 ms', localThreshold='15 ms'}, socketSettings=SocketSettings{connectTimeoutMS=10000, readTimeoutMS=0, receiveBufferSize=0, proxySettings=ProxySettings{host=null, port=null, username=null, password=null}}, heartbeatSocketSettings=SocketSettings{connectTimeoutMS=10000, readTimeoutMS=10000, receiveBufferSize=0, proxySettings=ProxySettings{host=null, port=null, username=null, password=null}}, connectionPoolSettings=ConnectionPoolSettings{maxSize=100, minSize=0, maxWaitTimeMS=120000, maxConnectionLifeTimeMS=0, maxConnectionIdleTimeMS=0, maintenanceInitialDelayMS=0, maintenanceFrequencyMS=60000, connectionPoolListeners=[], maxConnecting=2}, serverSettings=ServerSettings{heartbeatFrequencyMS=10000, minHeartbeatFrequencyMS=500, serverListeners='[]', serverMonitorListeners='[]'}, sslSettings=SslSettings{enabled=false, invalidHostNameAllowed=false, context=null}, applicationName='null', compressorList=[], uuidRepresentation=JAVA_LEGACY, serverApi=null, autoEncryptionSettings=null, dnsClient=null, inetAddressResolver=null, contextProvider=null}
2024-07-15 16:29:02 - Monitor thread successfully connected to server with description ServerDescription{address=localhost:27017, type=STANDALONE, state=CONNECTED, ok=true, minWireVersion=0, maxWireVersion=21, maxDocumentSize=16777216, logicalSessionTimeoutMinutes=30, roundTripTimeNanos=59836600}
2024-07-15 16:29:03 - Starting ProtocolHandler ["http-nio-8080"]
2024-07-15 16:29:03 - Tomcat started on port 8080 (http) with context path '/'
2024-07-15 16:29:03 - Started ReportingServiceApplication in 5.997 seconds (process running for 6.842)
2024-07-15 16:29:07 - Initializing Spring DispatcherServlet 'dispatcherServlet'
2024-07-15 16:29:07 - Initializing Servlet 'dispatcherServlet'
2024-07-15 16:29:07 - Completed initialization in 2 ms
2024-07-15 16:31:36 - HV000001: Hibernate Validator 8.0.1.Final
2024-07-15 16:31:36 - Starting ReportingServiceApplication using Java 18.0.2.1 with PID 9424 (C:\Users\a.esposito\Desktop\Esercizi Intelij\reporting-service\target\classes started by a.esposito in C:\Users\a.esposito\Desktop\Esercizi Intelij\reporting-service)
2024-07-15 16:31:36 - No active profile set, falling back to 1 default profile: "default"
2024-07-15 16:31:38 - Multiple Spring Data modules found, entering strict repository configuration mode
2024-07-15 16:31:38 - Bootstrapping Spring Data MongoDB repositories in DEFAULT mode.
2024-07-15 16:31:38 - Finished Spring Data repository scanning in 125 ms. Found 1 MongoDB repository interface.
2024-07-15 16:31:39 - Tomcat initialized with port 8080 (http)
2024-07-15 16:31:39 - Initializing ProtocolHandler ["http-nio-8080"]
2024-07-15 16:31:39 - Starting service [Tomcat]
2024-07-15 16:31:39 - Starting Servlet engine: [Apache Tomcat/10.1.25]
2024-07-15 16:31:39 - Initializing Spring embedded WebApplicationContext
2024-07-15 16:31:39 - Root WebApplicationContext: initialization completed in 3337 ms
2024-07-15 16:31:40 - MongoClient with metadata {"driver": {"name": "mongo-java-driver|sync|spring-boot", "version": "5.0.1"}, "os": {"type": "Windows", "name": "Windows 10", "architecture": "amd64", "version": "10.0"}, "platform": "Java/Oracle Corporation/18.0.2.1+1-1"} created with settings MongoClientSettings{readPreference=primary, writeConcern=WriteConcern{w=null, wTimeout=null ms, journal=null}, retryWrites=true, retryReads=true, readConcern=ReadConcern{level=null}, credential=null, transportSettings=null, commandListeners=[], codecRegistry=ProvidersCodecRegistry{codecProviders=[ValueCodecProvider{}, BsonValueCodecProvider{}, DBRefCodecProvider{}, DBObjectCodecProvider{}, DocumentCodecProvider{}, CollectionCodecProvider{}, IterableCodecProvider{}, MapCodecProvider{}, GeoJsonCodecProvider{}, GridFSFileCodecProvider{}, Jsr310CodecProvider{}, JsonObjectCodecProvider{}, BsonCodecProvider{}, EnumCodecProvider{}, com.mongodb.client.model.mql.ExpressionCodecProvider@6723610b, com.mongodb.Jep395RecordCodecProvider@5ba03c82, com.mongodb.KotlinCodecProvider@60df7989]}, loggerSettings=LoggerSettings{maxDocumentLength=1000}, clusterSettings={hosts=[localhost:27017], srvServiceName=mongodb, mode=SINGLE, requiredClusterType=UNKNOWN, requiredReplicaSetName='null', serverSelector='null', clusterListeners='[]', serverSelectionTimeout='30000 ms', localThreshold='15 ms'}, socketSettings=SocketSettings{connectTimeoutMS=10000, readTimeoutMS=0, receiveBufferSize=0, proxySettings=ProxySettings{host=null, port=null, username=null, password=null}}, heartbeatSocketSettings=SocketSettings{connectTimeoutMS=10000, readTimeoutMS=10000, receiveBufferSize=0, proxySettings=ProxySettings{host=null, port=null, username=null, password=null}}, connectionPoolSettings=ConnectionPoolSettings{maxSize=100, minSize=0, maxWaitTimeMS=120000, maxConnectionLifeTimeMS=0, maxConnectionIdleTimeMS=0, maintenanceInitialDelayMS=0, maintenanceFrequencyMS=60000, connectionPoolListeners=[], maxConnecting=2}, serverSettings=ServerSettings{heartbeatFrequencyMS=10000, minHeartbeatFrequencyMS=500, serverListeners='[]', serverMonitorListeners='[]'}, sslSettings=SslSettings{enabled=false, invalidHostNameAllowed=false, context=null}, applicationName='null', compressorList=[], uuidRepresentation=JAVA_LEGACY, serverApi=null, autoEncryptionSettings=null, dnsClient=null, inetAddressResolver=null, contextProvider=null}
2024-07-15 16:31:40 - Monitor thread successfully connected to server with description ServerDescription{address=localhost:27017, type=STANDALONE, state=CONNECTED, ok=true, minWireVersion=0, maxWireVersion=21, maxDocumentSize=16777216, logicalSessionTimeoutMinutes=30, roundTripTimeNanos=44618000}
2024-07-15 16:31:41 - Starting ProtocolHandler ["http-nio-8080"]
2024-07-15 16:31:41 - Tomcat started on port 8080 (http) with context path '/'
2024-07-15 16:31:41 - Started ReportingServiceApplication in 6.652 seconds (process running for 7.455)
2024-07-15 16:31:44 - Initializing Spring DispatcherServlet 'dispatcherServlet'
2024-07-15 16:31:44 - Initializing Servlet 'dispatcherServlet'
2024-07-15 16:31:44 - Completed initialization in 1 ms
2024-07-15 16:34:10 - HV000001: Hibernate Validator 8.0.1.Final
2024-07-15 16:34:10 - Starting ReportingServiceApplication using Java 18.0.2.1 with PID 13936 (C:\Users\a.esposito\Desktop\Esercizi Intelij\reporting-service\target\classes started by a.esposito in C:\Users\a.esposito\Desktop\Esercizi Intelij\reporting-service)
2024-07-15 16:34:10 - No active profile set, falling back to 1 default profile: "default"
2024-07-15 16:34:12 - Multiple Spring Data modules found, entering strict repository configuration mode
2024-07-15 16:34:12 - Bootstrapping Spring Data MongoDB repositories in DEFAULT mode.
2024-07-15 16:34:12 - Finished Spring Data repository scanning in 136 ms. Found 1 MongoDB repository interface.
2024-07-15 16:34:13 - Tomcat initialized with port 8080 (http)
2024-07-15 16:34:13 - Initializing ProtocolHandler ["http-nio-8080"]
2024-07-15 16:34:13 - Starting service [Tomcat]
2024-07-15 16:34:13 - Starting Servlet engine: [Apache Tomcat/10.1.25]
2024-07-15 16:34:13 - Initializing Spring embedded WebApplicationContext
2024-07-15 16:34:13 - Root WebApplicationContext: initialization completed in 2943 ms
2024-07-15 16:34:14 - MongoClient with metadata {"driver": {"name": "mongo-java-driver|sync|spring-boot", "version": "5.0.1"}, "os": {"type": "Windows", "name": "Windows 10", "architecture": "amd64", "version": "10.0"}, "platform": "Java/Oracle Corporation/18.0.2.1+1-1"} created with settings MongoClientSettings{readPreference=primary, writeConcern=WriteConcern{w=null, wTimeout=null ms, journal=null}, retryWrites=true, retryReads=true, readConcern=ReadConcern{level=null}, credential=null, transportSettings=null, commandListeners=[], codecRegistry=ProvidersCodecRegistry{codecProviders=[ValueCodecProvider{}, BsonValueCodecProvider{}, DBRefCodecProvider{}, DBObjectCodecProvider{}, DocumentCodecProvider{}, CollectionCodecProvider{}, IterableCodecProvider{}, MapCodecProvider{}, GeoJsonCodecProvider{}, GridFSFileCodecProvider{}, Jsr310CodecProvider{}, JsonObjectCodecProvider{}, BsonCodecProvider{}, EnumCodecProvider{}, com.mongodb.client.model.mql.ExpressionCodecProvider@3a17b2e3, com.mongodb.Jep395RecordCodecProvider@5e13f156, com.mongodb.KotlinCodecProvider@310ed6b4]}, loggerSettings=LoggerSettings{maxDocumentLength=1000}, clusterSettings={hosts=[localhost:27017], srvServiceName=mongodb, mode=SINGLE, requiredClusterType=UNKNOWN, requiredReplicaSetName='null', serverSelector='null', clusterListeners='[]', serverSelectionTimeout='30000 ms', localThreshold='15 ms'}, socketSettings=SocketSettings{connectTimeoutMS=10000, readTimeoutMS=0, receiveBufferSize=0, proxySettings=ProxySettings{host=null, port=null, username=null, password=null}}, heartbeatSocketSettings=SocketSettings{connectTimeoutMS=10000, readTimeoutMS=10000, receiveBufferSize=0, proxySettings=ProxySettings{host=null, port=null, username=null, password=null}}, connectionPoolSettings=ConnectionPoolSettings{maxSize=100, minSize=0, maxWaitTimeMS=120000, maxConnectionLifeTimeMS=0, maxConnectionIdleTimeMS=0, maintenanceInitialDelayMS=0, maintenanceFrequencyMS=60000, connectionPoolListeners=[], maxConnecting=2}, serverSettings=ServerSettings{heartbeatFrequencyMS=10000, minHeartbeatFrequencyMS=500, serverListeners='[]', serverMonitorListeners='[]'}, sslSettings=SslSettings{enabled=false, invalidHostNameAllowed=false, context=null}, applicationName='null', compressorList=[], uuidRepresentation=JAVA_LEGACY, serverApi=null, autoEncryptionSettings=null, dnsClient=null, inetAddressResolver=null, contextProvider=null}
2024-07-15 16:34:14 - Monitor thread successfully connected to server with description ServerDescription{address=localhost:27017, type=STANDALONE, state=CONNECTED, ok=true, minWireVersion=0, maxWireVersion=21, maxDocumentSize=16777216, logicalSessionTimeoutMinutes=30, roundTripTimeNanos=46602300}
2024-07-15 16:34:15 - Starting ProtocolHandler ["http-nio-8080"]
2024-07-15 16:34:15 - Tomcat started on port 8080 (http) with context path '/'
2024-07-15 16:34:15 - Started ReportingServiceApplication in 6.166 seconds (process running for 6.983)
2024-07-15 16:34:18 - Initializing Spring DispatcherServlet 'dispatcherServlet'
2024-07-15 16:34:18 - Initializing Servlet 'dispatcherServlet'
2024-07-15 16:34:18 - Completed initialization in 1 ms
2024-07-15 16:35:35 - HV000001: Hibernate Validator 8.0.1.Final
2024-07-15 16:35:35 - Starting ReportingServiceApplication using Java 18.0.2.1 with PID 8256 (C:\Users\a.esposito\Desktop\Esercizi Intelij\reporting-service\target\classes started by a.esposito in C:\Users\a.esposito\Desktop\Esercizi Intelij\reporting-service)
2024-07-15 16:35:35 - No active profile set, falling back to 1 default profile: "default"
2024-07-15 16:35:37 - Multiple Spring Data modules found, entering strict repository configuration mode
2024-07-15 16:35:37 - Bootstrapping Spring Data MongoDB repositories in DEFAULT mode.
2024-07-15 16:35:37 - Finished Spring Data repository scanning in 131 ms. Found 1 MongoDB repository interface.
2024-07-15 16:35:38 - Tomcat initialized with port 8080 (http)
2024-07-15 16:35:38 - Initializing ProtocolHandler ["http-nio-8080"]
2024-07-15 16:35:38 - Starting service [Tomcat]
2024-07-15 16:35:38 - Starting Servlet engine: [Apache Tomcat/10.1.25]
2024-07-15 16:35:39 - Initializing Spring embedded WebApplicationContext
2024-07-15 16:35:39 - Root WebApplicationContext: initialization completed in 3211 ms
2024-07-15 16:35:39 - MongoClient with metadata {"driver": {"name": "mongo-java-driver|sync|spring-boot", "version": "5.0.1"}, "os": {"type": "Windows", "name": "Windows 10", "architecture": "amd64", "version": "10.0"}, "platform": "Java/Oracle Corporation/18.0.2.1+1-1"} created with settings MongoClientSettings{readPreference=primary, writeConcern=WriteConcern{w=null, wTimeout=null ms, journal=null}, retryWrites=true, retryReads=true, readConcern=ReadConcern{level=null}, credential=null, transportSettings=null, commandListeners=[], codecRegistry=ProvidersCodecRegistry{codecProviders=[ValueCodecProvider{}, BsonValueCodecProvider{}, DBRefCodecProvider{}, DBObjectCodecProvider{}, DocumentCodecProvider{}, CollectionCodecProvider{}, IterableCodecProvider{}, MapCodecProvider{}, GeoJsonCodecProvider{}, GridFSFileCodecProvider{}, Jsr310CodecProvider{}, JsonObjectCodecProvider{}, BsonCodecProvider{}, EnumCodecProvider{}, com.mongodb.client.model.mql.ExpressionCodecProvider@456bcb74, com.mongodb.Jep395RecordCodecProvider@a9c5b75, com.mongodb.KotlinCodecProvider@dd4aec3]}, loggerSettings=LoggerSettings{maxDocumentLength=1000}, clusterSettings={hosts=[localhost:27017], srvServiceName=mongodb, mode=SINGLE, requiredClusterType=UNKNOWN, requiredReplicaSetName='null', serverSelector='null', clusterListeners='[]', serverSelectionTimeout='30000 ms', localThreshold='15 ms'}, socketSettings=SocketSettings{connectTimeoutMS=10000, readTimeoutMS=0, receiveBufferSize=0, proxySettings=ProxySettings{host=null, port=null, username=null, password=null}}, heartbeatSocketSettings=SocketSettings{connectTimeoutMS=10000, readTimeoutMS=10000, receiveBufferSize=0, proxySettings=ProxySettings{host=null, port=null, username=null, password=null}}, connectionPoolSettings=ConnectionPoolSettings{maxSize=100, minSize=0, maxWaitTimeMS=120000, maxConnectionLifeTimeMS=0, maxConnectionIdleTimeMS=0, maintenanceInitialDelayMS=0, maintenanceFrequencyMS=60000, connectionPoolListeners=[], maxConnecting=2}, serverSettings=ServerSettings{heartbeatFrequencyMS=10000, minHeartbeatFrequencyMS=500, serverListeners='[]', serverMonitorListeners='[]'}, sslSettings=SslSettings{enabled=false, invalidHostNameAllowed=false, context=null}, applicationName='null', compressorList=[], uuidRepresentation=JAVA_LEGACY, serverApi=null, autoEncryptionSettings=null, dnsClient=null, inetAddressResolver=null, contextProvider=null}
2024-07-15 16:35:39 - Monitor thread successfully connected to server with description ServerDescription{address=localhost:27017, type=STANDALONE, state=CONNECTED, ok=true, minWireVersion=0, maxWireVersion=21, maxDocumentSize=16777216, logicalSessionTimeoutMinutes=30, roundTripTimeNanos=57996300}
2024-07-15 16:35:40 - Starting ProtocolHandler ["http-nio-8080"]
2024-07-15 16:35:40 - Tomcat started on port 8080 (http) with context path '/'
2024-07-15 16:35:40 - Started ReportingServiceApplication in 6.576 seconds (process running for 7.506)
2024-07-15 16:35:43 - Initializing Spring DispatcherServlet 'dispatcherServlet'
2024-07-15 16:35:43 - Initializing Servlet 'dispatcherServlet'
2024-07-15 16:35:43 - Completed initialization in 2 ms
2024-07-15 16:37:15 - HV000001: Hibernate Validator 8.0.1.Final
2024-07-15 16:37:15 - Starting ReportingServiceApplication using Java 18.0.2.1 with PID 6652 (C:\Users\a.esposito\Desktop\Esercizi Intelij\reporting-service\target\classes started by a.esposito in C:\Users\a.esposito\Desktop\Esercizi Intelij\reporting-service)
2024-07-15 16:37:15 - No active profile set, falling back to 1 default profile: "default"
2024-07-15 16:37:17 - Multiple Spring Data modules found, entering strict repository configuration mode
2024-07-15 16:37:17 - Bootstrapping Spring Data MongoDB repositories in DEFAULT mode.
2024-07-15 16:37:17 - Finished Spring Data repository scanning in 167 ms. Found 1 MongoDB repository interface.
2024-07-15 16:37:18 - Tomcat initialized with port 8080 (http)
2024-07-15 16:37:18 - Initializing ProtocolHandler ["http-nio-8080"]
2024-07-15 16:37:18 - Starting service [Tomcat]
2024-07-15 16:37:18 - Starting Servlet engine: [Apache Tomcat/10.1.25]
2024-07-15 16:37:18 - Initializing Spring embedded WebApplicationContext
2024-07-15 16:37:18 - Root WebApplicationContext: initialization completed in 3461 ms
2024-07-15 16:37:19 - MongoClient with metadata {"driver": {"name": "mongo-java-driver|sync|spring-boot", "version": "5.0.1"}, "os": {"type": "Windows", "name": "Windows 10", "architecture": "amd64", "version": "10.0"}, "platform": "Java/Oracle Corporation/18.0.2.1+1-1"} created with settings MongoClientSettings{readPreference=primary, writeConcern=WriteConcern{w=null, wTimeout=null ms, journal=null}, retryWrites=true, retryReads=true, readConcern=ReadConcern{level=null}, credential=null, transportSettings=null, commandListeners=[], codecRegistry=ProvidersCodecRegistry{codecProviders=[ValueCodecProvider{}, BsonValueCodecProvider{}, DBRefCodecProvider{}, DBObjectCodecProvider{}, DocumentCodecProvider{}, CollectionCodecProvider{}, IterableCodecProvider{}, MapCodecProvider{}, GeoJsonCodecProvider{}, GridFSFileCodecProvider{}, Jsr310CodecProvider{}, JsonObjectCodecProvider{}, BsonCodecProvider{}, EnumCodecProvider{}, com.mongodb.client.model.mql.ExpressionCodecProvider@456bcb74, com.mongodb.Jep395RecordCodecProvider@a9c5b75, com.mongodb.KotlinCodecProvider@dd4aec3]}, loggerSettings=LoggerSettings{maxDocumentLength=1000}, clusterSettings={hosts=[localhost:27017], srvServiceName=mongodb, mode=SINGLE, requiredClusterType=UNKNOWN, requiredReplicaSetName='null', serverSelector='null', clusterListeners='[]', serverSelectionTimeout='30000 ms', localThreshold='15 ms'}, socketSettings=SocketSettings{connectTimeoutMS=10000, readTimeoutMS=0, receiveBufferSize=0, proxySettings=ProxySettings{host=null, port=null, username=null, password=null}}, heartbeatSocketSettings=SocketSettings{connectTimeoutMS=10000, readTimeoutMS=10000, receiveBufferSize=0, proxySettings=ProxySettings{host=null, port=null, username=null, password=null}}, connectionPoolSettings=ConnectionPoolSettings{maxSize=100, minSize=0, maxWaitTimeMS=120000, maxConnectionLifeTimeMS=0, maxConnectionIdleTimeMS=0, maintenanceInitialDelayMS=0, maintenanceFrequencyMS=60000, connectionPoolListeners=[], maxConnecting=2}, serverSettings=ServerSettings{heartbeatFrequencyMS=10000, minHeartbeatFrequencyMS=500, serverListeners='[]', serverMonitorListeners='[]'}, sslSettings=SslSettings{enabled=false, invalidHostNameAllowed=false, context=null}, applicationName='null', compressorList=[], uuidRepresentation=JAVA_LEGACY, serverApi=null, autoEncryptionSettings=null, dnsClient=null, inetAddressResolver=null, contextProvider=null}
2024-07-15 16:37:19 - Monitor thread successfully connected to server with description ServerDescription{address=localhost:27017, type=STANDALONE, state=CONNECTED, ok=true, minWireVersion=0, maxWireVersion=21, maxDocumentSize=16777216, logicalSessionTimeoutMinutes=30, roundTripTimeNanos=50307900}
2024-07-15 16:37:20 - Starting ProtocolHandler ["http-nio-8080"]
2024-07-15 16:37:20 - Tomcat started on port 8080 (http) with context path '/'
2024-07-15 16:37:20 - Started ReportingServiceApplication in 6.849 seconds (process running for 7.655)
2024-07-15 16:37:26 - Initializing Spring DispatcherServlet 'dispatcherServlet'
2024-07-15 16:37:26 - Initializing Servlet 'dispatcherServlet'
2024-07-15 16:37:26 - Completed initialization in 1 ms
2024-07-15 16:39:52 - HV000001: Hibernate Validator 8.0.1.Final
2024-07-15 16:39:52 - Starting ReportingServiceApplication using Java 18.0.2.1 with PID 8256 (C:\Users\a.esposito\Desktop\Esercizi Intelij\reporting-service\target\classes started by a.esposito in C:\Users\a.esposito\Desktop\Esercizi Intelij\reporting-service)
2024-07-15 16:39:52 - No active profile set, falling back to 1 default profile: "default"
2024-07-15 16:39:53 - Multiple Spring Data modules found, entering strict repository configuration mode
2024-07-15 16:39:54 - Bootstrapping Spring Data MongoDB repositories in DEFAULT mode.
2024-07-15 16:39:54 - Finished Spring Data repository scanning in 139 ms. Found 1 MongoDB repository interface.
2024-07-15 16:39:55 - Tomcat initialized with port 8080 (http)
2024-07-15 16:39:55 - Initializing ProtocolHandler ["http-nio-8080"]
2024-07-15 16:39:55 - Starting service [Tomcat]
2024-07-15 16:39:55 - Starting Servlet engine: [Apache Tomcat/10.1.25]
2024-07-15 16:39:55 - Initializing Spring embedded WebApplicationContext
2024-07-15 16:39:55 - Root WebApplicationContext: initialization completed in 3177 ms
2024-07-15 16:39:56 - MongoClient with metadata {"driver": {"name": "mongo-java-driver|sync|spring-boot", "version": "5.0.1"}, "os": {"type": "Windows", "name": "Windows 10", "architecture": "amd64", "version": "10.0"}, "platform": "Java/Oracle Corporation/18.0.2.1+1-1"} created with settings MongoClientSettings{readPreference=primary, writeConcern=WriteConcern{w=null, wTimeout=null ms, journal=null}, retryWrites=true, retryReads=true, readConcern=ReadConcern{level=null}, credential=null, transportSettings=null, commandListeners=[], codecRegistry=ProvidersCodecRegistry{codecProviders=[ValueCodecProvider{}, BsonValueCodecProvider{}, DBRefCodecProvider{}, DBObjectCodecProvider{}, DocumentCodecProvider{}, CollectionCodecProvider{}, IterableCodecProvider{}, MapCodecProvider{}, GeoJsonCodecProvider{}, GridFSFileCodecProvider{}, Jsr310CodecProvider{}, JsonObjectCodecProvider{}, BsonCodecProvider{}, EnumCodecProvider{}, com.mongodb.client.model.mql.ExpressionCodecProvider@568750b7, com.mongodb.Jep395RecordCodecProvider@3e28fee1, com.mongodb.KotlinCodecProvider@16a2ed51]}, loggerSettings=LoggerSettings{maxDocumentLength=1000}, clusterSettings={hosts=[localhost:27017], srvServiceName=mongodb, mode=SINGLE, requiredClusterType=UNKNOWN, requiredReplicaSetName='null', serverSelector='null', clusterListeners='[]', serverSelectionTimeout='30000 ms', localThreshold='15 ms'}, socketSettings=SocketSettings{connectTimeoutMS=10000, readTimeoutMS=0, receiveBufferSize=0, proxySettings=ProxySettings{host=null, port=null, username=null, password=null}}, heartbeatSocketSettings=SocketSettings{connectTimeoutMS=10000, readTimeoutMS=10000, receiveBufferSize=0, proxySettings=ProxySettings{host=null, port=null, username=null, password=null}}, connectionPoolSettings=ConnectionPoolSettings{maxSize=100, minSize=0, maxWaitTimeMS=120000, maxConnectionLifeTimeMS=0, maxConnectionIdleTimeMS=0, maintenanceInitialDelayMS=0, maintenanceFrequencyMS=60000, connectionPoolListeners=[], maxConnecting=2}, serverSettings=ServerSettings{heartbeatFrequencyMS=10000, minHeartbeatFrequencyMS=500, serverListeners='[]', serverMonitorListeners='[]'}, sslSettings=SslSettings{enabled=false, invalidHostNameAllowed=false, context=null}, applicationName='null', compressorList=[], uuidRepresentation=JAVA_LEGACY, serverApi=null, autoEncryptionSettings=null, dnsClient=null, inetAddressResolver=null, contextProvider=null}
2024-07-15 16:39:56 - Monitor thread successfully connected to server with description ServerDescription{address=localhost:27017, type=STANDALONE, state=CONNECTED, ok=true, minWireVersion=0, maxWireVersion=21, maxDocumentSize=16777216, logicalSessionTimeoutMinutes=30, roundTripTimeNanos=53878000}
2024-07-15 16:39:57 - Starting ProtocolHandler ["http-nio-8080"]
2024-07-15 16:39:57 - Tomcat started on port 8080 (http) with context path '/'
2024-07-15 16:39:57 - Started ReportingServiceApplication in 6.416 seconds (process running for 7.244)
2024-07-15 16:39:59 - Initializing Spring DispatcherServlet 'dispatcherServlet'
2024-07-15 16:39:59 - Initializing Servlet 'dispatcherServlet'
2024-07-15 16:39:59 - Completed initialization in 1 ms
2024-07-15 17:00:44 - HV000001: Hibernate Validator 8.0.1.Final
2024-07-15 17:00:45 - Starting ReportingServiceApplication using Java 18.0.2.1 with PID 280 (C:\Users\a.esposito\Desktop\Esercizi Intelij\reporting-service\target\classes started by a.esposito in C:\Users\a.esposito\Desktop\Esercizi Intelij\reporting-service)
2024-07-15 17:00:45 - No active profile set, falling back to 1 default profile: "default"
2024-07-15 17:00:46 - Multiple Spring Data modules found, entering strict repository configuration mode
2024-07-15 17:00:46 - Bootstrapping Spring Data MongoDB repositories in DEFAULT mode.
2024-07-15 17:00:46 - Finished Spring Data repository scanning in 128 ms. Found 1 MongoDB repository interface.
2024-07-15 17:00:47 - Tomcat initialized with port 8080 (http)
2024-07-15 17:00:47 - Initializing ProtocolHandler ["http-nio-8080"]
2024-07-15 17:00:47 - Starting service [Tomcat]
2024-07-15 17:00:47 - Starting Servlet engine: [Apache Tomcat/10.1.25]
2024-07-15 17:00:48 - Initializing Spring embedded WebApplicationContext
2024-07-15 17:00:48 - Root WebApplicationContext: initialization completed in 2880 ms
2024-07-15 17:00:48 - MongoClient with metadata {"driver": {"name": "mongo-java-driver|sync|spring-boot", "version": "5.0.1"}, "os": {"type": "Windows", "name": "Windows 10", "architecture": "amd64", "version": "10.0"}, "platform": "Java/Oracle Corporation/18.0.2.1+1-1"} created with settings MongoClientSettings{readPreference=primary, writeConcern=WriteConcern{w=null, wTimeout=null ms, journal=null}, retryWrites=true, retryReads=true, readConcern=ReadConcern{level=null}, credential=null, transportSettings=null, commandListeners=[], codecRegistry=ProvidersCodecRegistry{codecProviders=[ValueCodecProvider{}, BsonValueCodecProvider{}, DBRefCodecProvider{}, DBObjectCodecProvider{}, DocumentCodecProvider{}, CollectionCodecProvider{}, IterableCodecProvider{}, MapCodecProvider{}, GeoJsonCodecProvider{}, GridFSFileCodecProvider{}, Jsr310CodecProvider{}, JsonObjectCodecProvider{}, BsonCodecProvider{}, EnumCodecProvider{}, com.mongodb.client.model.mql.ExpressionCodecProvider@4dac121d, com.mongodb.Jep395RecordCodecProvider@568750b7, com.mongodb.KotlinCodecProvider@3e28fee1]}, loggerSettings=LoggerSettings{maxDocumentLength=1000}, clusterSettings={hosts=[localhost:27017], srvServiceName=mongodb, mode=SINGLE, requiredClusterType=UNKNOWN, requiredReplicaSetName='null', serverSelector='null', clusterListeners='[]', serverSelectionTimeout='30000 ms', localThreshold='15 ms'}, socketSettings=SocketSettings{connectTimeoutMS=10000, readTimeoutMS=0, receiveBufferSize=0, proxySettings=ProxySettings{host=null, port=null, username=null, password=null}}, heartbeatSocketSettings=SocketSettings{connectTimeoutMS=10000, readTimeoutMS=10000, receiveBufferSize=0, proxySettings=ProxySettings{host=null, port=null, username=null, password=null}}, connectionPoolSettings=ConnectionPoolSettings{maxSize=100, minSize=0, maxWaitTimeMS=120000, maxConnectionLifeTimeMS=0, maxConnectionIdleTimeMS=0, maintenanceInitialDelayMS=0, maintenanceFrequencyMS=60000, connectionPoolListeners=[], maxConnecting=2}, serverSettings=ServerSettings{heartbeatFrequencyMS=10000, minHeartbeatFrequencyMS=500, serverListeners='[]', serverMonitorListeners='[]'}, sslSettings=SslSettings{enabled=false, invalidHostNameAllowed=false, context=null}, applicationName='null', compressorList=[], uuidRepresentation=JAVA_LEGACY, serverApi=null, autoEncryptionSettings=null, dnsClient=null, inetAddressResolver=null, contextProvider=null}
2024-07-15 17:00:48 - Monitor thread successfully connected to server with description ServerDescription{address=localhost:27017, type=STANDALONE, state=CONNECTED, ok=true, minWireVersion=0, maxWireVersion=21, maxDocumentSize=16777216, logicalSessionTimeoutMinutes=30, roundTripTimeNanos=58970100}
2024-07-15 17:00:49 - Starting ProtocolHandler ["http-nio-8080"]
2024-07-15 17:00:49 - Tomcat started on port 8080 (http) with context path '/'
2024-07-15 17:00:49 - Started ReportingServiceApplication in 5.784 seconds (process running for 6.586)
2024-07-15 17:00:55 - Initializing Spring DispatcherServlet 'dispatcherServlet'
2024-07-15 17:00:55 - Initializing Servlet 'dispatcherServlet'
2024-07-15 17:00:55 - Completed initialization in 1 ms
2024-07-15 17:02:46 - HV000001: Hibernate Validator 8.0.1.Final
2024-07-15 17:02:46 - Starting ReportingServiceApplication using Java 18.0.2.1 with PID 13440 (C:\Users\a.esposito\Desktop\Esercizi Intelij\reporting-service\target\classes started by a.esposito in C:\Users\a.esposito\Desktop\Esercizi Intelij\reporting-service)
2024-07-15 17:02:46 - No active profile set, falling back to 1 default profile: "default"
2024-07-15 17:02:48 - Multiple Spring Data modules found, entering strict repository configuration mode
2024-07-15 17:02:48 - Bootstrapping Spring Data MongoDB repositories in DEFAULT mode.
2024-07-15 17:02:48 - Finished Spring Data repository scanning in 127 ms. Found 1 MongoDB repository interface.
2024-07-15 17:02:49 - Tomcat initialized with port 8080 (http)
2024-07-15 17:02:49 - Initializing ProtocolHandler ["http-nio-8080"]
2024-07-15 17:02:49 - Starting service [Tomcat]
2024-07-15 17:02:49 - Starting Servlet engine: [Apache Tomcat/10.1.25]
2024-07-15 17:02:49 - Initializing Spring embedded WebApplicationContext
2024-07-15 17:02:49 - Root WebApplicationContext: initialization completed in 3274 ms
2024-07-15 17:02:50 - MongoClient with metadata {"driver": {"name": "mongo-java-driver|sync|spring-boot", "version": "5.0.1"}, "os": {"type": "Windows", "name": "Windows 10", "architecture": "amd64", "version": "10.0"}, "platform": "Java/Oracle Corporation/18.0.2.1+1-1"} created with settings MongoClientSettings{readPreference=primary, writeConcern=WriteConcern{w=null, wTimeout=null ms, journal=null}, retryWrites=true, retryReads=true, readConcern=ReadConcern{level=null}, credential=null, transportSettings=null, commandListeners=[], codecRegistry=ProvidersCodecRegistry{codecProviders=[ValueCodecProvider{}, BsonValueCodecProvider{}, DBRefCodecProvider{}, DBObjectCodecProvider{}, DocumentCodecProvider{}, CollectionCodecProvider{}, IterableCodecProvider{}, MapCodecProvider{}, GeoJsonCodecProvider{}, GridFSFileCodecProvider{}, Jsr310CodecProvider{}, JsonObjectCodecProvider{}, BsonCodecProvider{}, EnumCodecProvider{}, com.mongodb.client.model.mql.ExpressionCodecProvider@26837057, com.mongodb.Jep395RecordCodecProvider@2dbc408c, com.mongodb.KotlinCodecProvider@991cbde]}, loggerSettings=LoggerSettings{maxDocumentLength=1000}, clusterSettings={hosts=[localhost:27017], srvServiceName=mongodb, mode=SINGLE, requiredClusterType=UNKNOWN, requiredReplicaSetName='null', serverSelector='null', clusterListeners='[]', serverSelectionTimeout='30000 ms', localThreshold='15 ms'}, socketSettings=SocketSettings{connectTimeoutMS=10000, readTimeoutMS=0, receiveBufferSize=0, proxySettings=ProxySettings{host=null, port=null, username=null, password=null}}, heartbeatSocketSettings=SocketSettings{connectTimeoutMS=10000, readTimeoutMS=10000, receiveBufferSize=0, proxySettings=ProxySettings{host=null, port=null, username=null, password=null}}, connectionPoolSettings=ConnectionPoolSettings{maxSize=100, minSize=0, maxWaitTimeMS=120000, maxConnectionLifeTimeMS=0, maxConnectionIdleTimeMS=0, maintenanceInitialDelayMS=0, maintenanceFrequencyMS=60000, connectionPoolListeners=[], maxConnecting=2}, serverSettings=ServerSettings{heartbeatFrequencyMS=10000, minHeartbeatFrequencyMS=500, serverListeners='[]', serverMonitorListeners='[]'}, sslSettings=SslSettings{enabled=false, invalidHostNameAllowed=false, context=null}, applicationName='null', compressorList=[], uuidRepresentation=JAVA_LEGACY, serverApi=null, autoEncryptionSettings=null, dnsClient=null, inetAddressResolver=null, contextProvider=null}
2024-07-15 17:02:50 - Monitor thread successfully connected to server with description ServerDescription{address=localhost:27017, type=STANDALONE, state=CONNECTED, ok=true, minWireVersion=0, maxWireVersion=21, maxDocumentSize=16777216, logicalSessionTimeoutMinutes=30, roundTripTimeNanos=39457900}
2024-07-15 17:02:51 - Starting ProtocolHandler ["http-nio-8080"]
2024-07-15 17:02:51 - Tomcat started on port 8080 (http) with context path '/'
2024-07-15 17:02:51 - Started ReportingServiceApplication in 6.563 seconds (process running for 7.627)
2024-07-15 17:02:55 - Initializing Spring DispatcherServlet 'dispatcherServlet'
2024-07-15 17:02:55 - Initializing Servlet 'dispatcherServlet'
2024-07-15 17:02:55 - Completed initialization in 2 ms
2024-07-15 17:12:03 - HV000001: Hibernate Validator 8.0.1.Final
2024-07-15 17:12:04 - Starting ReportingServiceApplication using Java 18.0.2.1 with PID 2636 (C:\Users\a.esposito\Desktop\Esercizi Intelij\reporting-service\target\classes started by a.esposito in C:\Users\a.esposito\Desktop\Esercizi Intelij\reporting-service)
2024-07-15 17:12:04 - No active profile set, falling back to 1 default profile: "default"
2024-07-15 17:12:05 - Multiple Spring Data modules found, entering strict repository configuration mode
2024-07-15 17:12:05 - Bootstrapping Spring Data MongoDB repositories in DEFAULT mode.
2024-07-15 17:12:05 - Finished Spring Data repository scanning in 127 ms. Found 1 MongoDB repository interface.
2024-07-15 17:12:07 - Tomcat initialized with port 8080 (http)
2024-07-15 17:12:07 - Initializing ProtocolHandler ["http-nio-8080"]
2024-07-15 17:12:07 - Starting service [Tomcat]
2024-07-15 17:12:07 - Starting Servlet engine: [Apache Tomcat/10.1.25]
2024-07-15 17:12:07 - Initializing Spring embedded WebApplicationContext
2024-07-15 17:12:07 - Root WebApplicationContext: initialization completed in 3102 ms
2024-07-15 17:12:07 - MongoClient with metadata {"driver": {"name": "mongo-java-driver|sync|spring-boot", "version": "5.0.1"}, "os": {"type": "Windows", "name": "Windows 10", "architecture": "amd64", "version": "10.0"}, "platform": "Java/Oracle Corporation/18.0.2.1+1-1"} created with settings MongoClientSettings{readPreference=primary, writeConcern=WriteConcern{w=null, wTimeout=null ms, journal=null}, retryWrites=true, retryReads=true, readConcern=ReadConcern{level=null}, credential=null, transportSettings=null, commandListeners=[], codecRegistry=ProvidersCodecRegistry{codecProviders=[ValueCodecProvider{}, BsonValueCodecProvider{}, DBRefCodecProvider{}, DBObjectCodecProvider{}, DocumentCodecProvider{}, CollectionCodecProvider{}, IterableCodecProvider{}, MapCodecProvider{}, GeoJsonCodecProvider{}, GridFSFileCodecProvider{}, Jsr310CodecProvider{}, JsonObjectCodecProvider{}, BsonCodecProvider{}, EnumCodecProvider{}, com.mongodb.client.model.mql.ExpressionCodecProvider@57ddd45b, com.mongodb.Jep395RecordCodecProvider@2e7bf7b7, com.mongodb.KotlinCodecProvider@2fb25f4c]}, loggerSettings=LoggerSettings{maxDocumentLength=1000}, clusterSettings={hosts=[localhost:27017], srvServiceName=mongodb, mode=SINGLE, requiredClusterType=UNKNOWN, requiredReplicaSetName='null', serverSelector='null', clusterListeners='[]', serverSelectionTimeout='30000 ms', localThreshold='15 ms'}, socketSettings=SocketSettings{connectTimeoutMS=10000, readTimeoutMS=0, receiveBufferSize=0, proxySettings=ProxySettings{host=null, port=null, username=null, password=null}}, heartbeatSocketSettings=SocketSettings{connectTimeoutMS=10000, readTimeoutMS=10000, receiveBufferSize=0, proxySettings=ProxySettings{host=null, port=null, username=null, password=null}}, connectionPoolSettings=ConnectionPoolSettings{maxSize=100, minSize=0, maxWaitTimeMS=120000, maxConnectionLifeTimeMS=0, maxConnectionIdleTimeMS=0, maintenanceInitialDelayMS=0, maintenanceFrequencyMS=60000, connectionPoolListeners=[], maxConnecting=2}, serverSettings=ServerSettings{heartbeatFrequencyMS=10000, minHeartbeatFrequencyMS=500, serverListeners='[]', serverMonitorListeners='[]'}, sslSettings=SslSettings{enabled=false, invalidHostNameAllowed=false, context=null}, applicationName='null', compressorList=[], uuidRepresentation=JAVA_LEGACY, serverApi=null, autoEncryptionSettings=null, dnsClient=null, inetAddressResolver=null, contextProvider=null}
2024-07-15 17:12:07 - Monitor thread successfully connected to server with description ServerDescription{address=localhost:27017, type=STANDALONE, state=CONNECTED, ok=true, minWireVersion=0, maxWireVersion=21, maxDocumentSize=16777216, logicalSessionTimeoutMinutes=30, roundTripTimeNanos=59166700}
2024-07-15 17:12:08 - Starting ProtocolHandler ["http-nio-8080"]
2024-07-15 17:12:08 - Tomcat started on port 8080 (http) with context path '/'
2024-07-15 17:12:08 - Started ReportingServiceApplication in 6.071 seconds (process running for 6.946)
2024-07-15 17:12:12 - Initializing Spring DispatcherServlet 'dispatcherServlet'
2024-07-15 17:12:12 - Initializing Servlet 'dispatcherServlet'
2024-07-15 17:12:12 - Completed initialization in 1 ms
2024-07-15 17:19:22 - HV000001: Hibernate Validator 8.0.1.Final
2024-07-15 17:19:23 - Starting ReportingServiceApplication using Java 18.0.2.1 with PID 8740 (C:\Users\a.esposito\Desktop\Esercizi Intelij\reporting-service\target\classes started by a.esposito in C:\Users\a.esposito\Desktop\Esercizi Intelij\reporting-service)
2024-07-15 17:19:23 - No active profile set, falling back to 1 default profile: "default"
2024-07-15 17:19:24 - Multiple Spring Data modules found, entering strict repository configuration mode
2024-07-15 17:19:24 - Bootstrapping Spring Data MongoDB repositories in DEFAULT mode.
2024-07-15 17:19:24 - Finished Spring Data repository scanning in 123 ms. Found 1 MongoDB repository interface.
2024-07-15 17:19:25 - Tomcat initialized with port 8080 (http)
2024-07-15 17:19:25 - Initializing ProtocolHandler ["http-nio-8080"]
2024-07-15 17:19:25 - Starting service [Tomcat]
2024-07-15 17:19:25 - Starting Servlet engine: [Apache Tomcat/10.1.25]
2024-07-15 17:19:26 - Initializing Spring embedded WebApplicationContext
2024-07-15 17:19:26 - Root WebApplicationContext: initialization completed in 2901 ms
2024-07-15 17:19:26 - MongoClient with metadata {"driver": {"name": "mongo-java-driver|sync|spring-boot", "version": "5.0.1"}, "os": {"type": "Windows", "name": "Windows 10", "architecture": "amd64", "version": "10.0"}, "platform": "Java/Oracle Corporation/18.0.2.1+1-1"} created with settings MongoClientSettings{readPreference=primary, writeConcern=WriteConcern{w=null, wTimeout=null ms, journal=null}, retryWrites=true, retryReads=true, readConcern=ReadConcern{level=null}, credential=null, transportSettings=null, commandListeners=[], codecRegistry=ProvidersCodecRegistry{codecProviders=[ValueCodecProvider{}, BsonValueCodecProvider{}, DBRefCodecProvider{}, DBObjectCodecProvider{}, DocumentCodecProvider{}, CollectionCodecProvider{}, IterableCodecProvider{}, MapCodecProvider{}, GeoJsonCodecProvider{}, GridFSFileCodecProvider{}, Jsr310CodecProvider{}, JsonObjectCodecProvider{}, BsonCodecProvider{}, EnumCodecProvider{}, com.mongodb.client.model.mql.ExpressionCodecProvider@7ab1127c, com.mongodb.Jep395RecordCodecProvider@6e60f18, com.mongodb.KotlinCodecProvider@5cf8676a]}, loggerSettings=LoggerSettings{maxDocumentLength=1000}, clusterSettings={hosts=[localhost:27017], srvServiceName=mongodb, mode=SINGLE, requiredClusterType=UNKNOWN, requiredReplicaSetName='null', serverSelector='null', clusterListeners='[]', serverSelectionTimeout='30000 ms', localThreshold='15 ms'}, socketSettings=SocketSettings{connectTimeoutMS=10000, readTimeoutMS=0, receiveBufferSize=0, proxySettings=ProxySettings{host=null, port=null, username=null, password=null}}, heartbeatSocketSettings=SocketSettings{connectTimeoutMS=10000, readTimeoutMS=10000, receiveBufferSize=0, proxySettings=ProxySettings{host=null, port=null, username=null, password=null}}, connectionPoolSettings=ConnectionPoolSettings{maxSize=100, minSize=0, maxWaitTimeMS=120000, maxConnectionLifeTimeMS=0, maxConnectionIdleTimeMS=0, maintenanceInitialDelayMS=0, maintenanceFrequencyMS=60000, connectionPoolListeners=[], maxConnecting=2}, serverSettings=ServerSettings{heartbeatFrequencyMS=10000, minHeartbeatFrequencyMS=500, serverListeners='[]', serverMonitorListeners='[]'}, sslSettings=SslSettings{enabled=false, invalidHostNameAllowed=false, context=null}, applicationName='null', compressorList=[], uuidRepresentation=JAVA_LEGACY, serverApi=null, autoEncryptionSettings=null, dnsClient=null, inetAddressResolver=null, contextProvider=null}
2024-07-15 17:19:26 - Monitor thread successfully connected to server with description ServerDescription{address=localhost:27017, type=STANDALONE, state=CONNECTED, ok=true, minWireVersion=0, maxWireVersion=21, maxDocumentSize=16777216, logicalSessionTimeoutMinutes=30, roundTripTimeNanos=59913800}
2024-07-15 17:19:27 - Starting ProtocolHandler ["http-nio-8080"]
2024-07-15 17:19:27 - Tomcat started on port 8080 (http) with context path '/'
2024-07-15 17:19:27 - Started ReportingServiceApplication in 6.035 seconds (process running for 6.92)
2024-07-15 17:19:30 - Initializing Spring DispatcherServlet 'dispatcherServlet'
2024-07-15 17:19:30 - Initializing Servlet 'dispatcherServlet'
2024-07-15 17:19:30 - Completed initialization in 2 ms
2024-07-15 17:23:42 - HV000001: Hibernate Validator 8.0.1.Final
2024-07-15 17:23:42 - Starting ReportingServiceApplication using Java 18.0.2.1 with PID 11204 (C:\Users\a.esposito\Desktop\Esercizi Intelij\reporting-service\target\classes started by a.esposito in C:\Users\a.esposito\Desktop\Esercizi Intelij\reporting-service)
2024-07-15 17:23:42 - No active profile set, falling back to 1 default profile: "default"
2024-07-15 17:23:44 - Multiple Spring Data modules found, entering strict repository configuration mode
2024-07-15 17:23:44 - Bootstrapping Spring Data MongoDB repositories in DEFAULT mode.
2024-07-15 17:23:44 - Finished Spring Data repository scanning in 123 ms. Found 1 MongoDB repository interface.
2024-07-15 17:23:45 - Tomcat initialized with port 8080 (http)
2024-07-15 17:23:45 - Initializing ProtocolHandler ["http-nio-8080"]
2024-07-15 17:23:45 - Starting service [Tomcat]
2024-07-15 17:23:45 - Starting Servlet engine: [Apache Tomcat/10.1.25]
2024-07-15 17:23:45 - Initializing Spring embedded WebApplicationContext
2024-07-15 17:23:45 - Root WebApplicationContext: initialization completed in 3011 ms
2024-07-15 17:23:45 - MongoClient with metadata {"driver": {"name": "mongo-java-driver|sync|spring-boot", "version": "5.0.1"}, "os": {"type": "Windows", "name": "Windows 10", "architecture": "amd64", "version": "10.0"}, "platform": "Java/Oracle Corporation/18.0.2.1+1-1"} created with settings MongoClientSettings{readPreference=primary, writeConcern=WriteConcern{w=null, wTimeout=null ms, journal=null}, retryWrites=true, retryReads=true, readConcern=ReadConcern{level=null}, credential=null, transportSettings=null, commandListeners=[], codecRegistry=ProvidersCodecRegistry{codecProviders=[ValueCodecProvider{}, BsonValueCodecProvider{}, DBRefCodecProvider{}, DBObjectCodecProvider{}, DocumentCodecProvider{}, CollectionCodecProvider{}, IterableCodecProvider{}, MapCodecProvider{}, GeoJsonCodecProvider{}, GridFSFileCodecProvider{}, Jsr310CodecProvider{}, JsonObjectCodecProvider{}, BsonCodecProvider{}, EnumCodecProvider{}, com.mongodb.client.model.mql.ExpressionCodecProvider@456bcb74, com.mongodb.Jep395RecordCodecProvider@a9c5b75, com.mongodb.KotlinCodecProvider@dd4aec3]}, loggerSettings=LoggerSettings{maxDocumentLength=1000}, clusterSettings={hosts=[localhost:27017], srvServiceName=mongodb, mode=SINGLE, requiredClusterType=UNKNOWN, requiredReplicaSetName='null', serverSelector='null', clusterListeners='[]', serverSelectionTimeout='30000 ms', localThreshold='15 ms'}, socketSettings=SocketSettings{connectTimeoutMS=10000, readTimeoutMS=0, receiveBufferSize=0, proxySettings=ProxySettings{host=null, port=null, username=null, password=null}}, heartbeatSocketSettings=SocketSettings{connectTimeoutMS=10000, readTimeoutMS=10000, receiveBufferSize=0, proxySettings=ProxySettings{host=null, port=null, username=null, password=null}}, connectionPoolSettings=ConnectionPoolSettings{maxSize=100, minSize=0, maxWaitTimeMS=120000, maxConnectionLifeTimeMS=0, maxConnectionIdleTimeMS=0, maintenanceInitialDelayMS=0, maintenanceFrequencyMS=60000, connectionPoolListeners=[], maxConnecting=2}, serverSettings=ServerSettings{heartbeatFrequencyMS=10000, minHeartbeatFrequencyMS=500, serverListeners='[]', serverMonitorListeners='[]'}, sslSettings=SslSettings{enabled=false, invalidHostNameAllowed=false, context=null}, applicationName='null', compressorList=[], uuidRepresentation=JAVA_LEGACY, serverApi=null, autoEncryptionSettings=null, dnsClient=null, inetAddressResolver=null, contextProvider=null}
2024-07-15 17:23:45 - Monitor thread successfully connected to server with description ServerDescription{address=localhost:27017, type=STANDALONE, state=CONNECTED, ok=true, minWireVersion=0, maxWireVersion=21, maxDocumentSize=16777216, logicalSessionTimeoutMinutes=30, roundTripTimeNanos=47100900}
2024-07-15 17:23:47 - Starting ProtocolHandler ["http-nio-8080"]
2024-07-15 17:23:47 - Tomcat started on port 8080 (http) with context path '/'
2024-07-15 17:23:47 - Started ReportingServiceApplication in 5.949 seconds (process running for 6.815)
2024-07-15 17:23:50 - Initializing Spring DispatcherServlet 'dispatcherServlet'
2024-07-15 17:23:50 - Initializing Servlet 'dispatcherServlet'
2024-07-15 17:23:50 - Completed initialization in 1 ms
